#
# A fatal error has been detected by the Java Runtime Environment:
#
#  SIGSEGV (0xb) at pc=0x00007efe5b9a1b10, pid=17722, tid=17810
#
# JRE version: OpenJDK Runtime Environment Temurin-17.0.8+7 (17.0.8+7) (build 17.0.8+7)
# Java VM: OpenJDK 64-Bit Server VM Temurin-17.0.8+7 (17.0.8+7, mixed mode, sharing, tiered, compressed oops, compressed class ptrs, g1 gc, linux-amd64)
# Problematic frame:
# C  [libc.so.6+0x99340]
#
# Core dump will be written. Default location: Core dumps may be processed with "/wsl-capture-crash %t %E %p %s" (or dumping to /mnt/c/Users/herme/Project/SolarSystemRepresentation/core.17722)
#
# If you would like to submit a bug report, please visit:
#   https://github.com/adoptium/adoptium-support/issues
#

---------------  S U M M A R Y ------------

Command Line: -Djansi.mode=force -Dclassworlds.conf=/usr/share/maven/bin/m2.conf -Dmaven.home=/usr/share/maven -Dlibrary.jansi.path=/usr/share/maven/lib/jansi-native -Dmaven.multiModuleProjectDirectory=/mnt/c/Users/herme/Project/SolarSystemRepresentation org.codehaus.plexus.classworlds.launcher.Launcher clean compile exec:java -Dexec.mainClass=fr.univtln.hermelin.MasterMI1.SolarSystemRepresentation.Main

Host: Intel(R) Core(TM) i7-14700K, 28 cores, 15G, Ubuntu 24.04.1 LTS
Time: Sun Feb 23 12:26:41 2025 CET elapsed time: 4.712067 seconds (0d 0h 0m 4s)

---------------  T H R E A D  ---------------

Current thread is native thread

Stack: [0x00007eff0ccdc000,0x00007eff0cddc000],  sp=0x00007eff0cddae80,  free space=1019k
Native frames: (J=compiled Java code, j=interpreted, Vv=VM code, C=native code)
C  [libc.so.6+0x99340]
C  [libc.so.6+0x9c890]


siginfo: si_signo: 11 (SIGSEGV), si_code: 1 (SEGV_MAPERR), si_addr: 0x00007efe5b9a1b10

Registers:
RAX=0x0000000000000001, RBX=0x00007eff0cddba48, RCX=0x00007efe5b9a1b10, RDX=0x0000000000000001
RSP=0x00007eff0cddae78, RBP=0x00007eff0cddaec0, RSI=0x00007efe6c02c260, RDI=0x00007efe6c49b080
R8 =0x0000000000000000, R9 =0x00007efe6c02c260, R10=0x00007eff0c400000, R11=0x00007eff0c616d00
R12=0x0000000000000000, R13=0x00007eff92f83788, R14=0x00007eff0cddbbd8, R15=0x00007eff92f837f8
RIP=0x00007efe5b9a1b10, EFLAGS=0x0000000000010202, CSGSFS=0x002b000000000033, ERR=0x0000000000000014
  TRAPNO=0x000000000000000e

Top of Stack: (sp=0x00007eff0cddae78)
0x00007eff0cddae78:   00007eff92e17340 00007efe68543bd0
0x00007eff0cddae88:   0000000000000004 00007eff0cddaec0
0x00007eff0cddae98:   00007eff0cddbcdc 00007eff0cddb6c0
0x00007eff0cddaea8:   ffffffffffffff88 0000000000000002 

Instructions: (pc=0x00007eff92e17340)
0x00007eff92e17240:   e8 0b fe ff ff eb a7 66 0f 1f 84 00 00 00 00 00
0x00007eff92e17250:   f3 0f 1e fa 48 8b 35 55 9c 16 00 31 d2 48 8b be
0x00007eff92e17260:   d0 02 00 00 48 8b 8e c8 02 00 00 48 01 f9 48 83
0x00007eff92e17270:   e9 01 48 89 c8 48 f7 f7 48 8b 46 18 48 29 d1 48
0x00007eff92e17280:   8d 84 01 00 40 00 00 c3 0f 1f 84 00 00 00 00 00
0x00007eff92e17290:   f3 0f 1e fa 31 c0 64 8a 04 25 10 06 00 00 84 c0
0x00007eff92e172a0:   0f 84 3c 01 00 00 55 48 89 e5 41 57 41 56 41 55
0x00007eff92e172b0:   41 54 53 48 83 ec 18 48 c7 45 c8 04 00 00 00 64
0x00007eff92e172c0:   c6 04 25 10 06 00 00 00 4c 8d 2d b9 c4 16 00 45
0x00007eff92e172d0:   31 e4 eb 15 0f 1f 40 00 49 83 c4 01 49 81 c5 00
0x00007eff92e172e0:   02 00 00 49 83 fc 20 74 59 64 4a 8b 14 e5 10 05
0x00007eff92e172f0:   00 00 48 85 d2 74 e1 48 8d 5a 08 4c 8d b2 08 02
0x00007eff92e17300:   00 00 4d 89 ef eb 16 66 0f 1f 84 00 00 00 00 00
0x00007eff92e17310:   48 83 c3 10 49 83 c7 10 4c 39 f3 74 bb 48 8b 3b
0x00007eff92e17320:   48 85 ff 74 eb 48 c7 03 00 00 00 00 49 8b 47 f8
0x00007eff92e17330:   48 39 43 f8 75 da 49 8b 0f 48 85 c9 74 d2 ff d1
0x00007eff92e17340:   eb ce 31 c0 64 8a 04 25 10 06 00 00 84 c0 74 4a
0x00007eff92e17350:   48 83 6d c8 01 48 8b 75 c8 0f 85 60 ff ff ff 64
0x00007eff92e17360:   48 8b 04 25 10 00 00 00 48 8d b8 18 03 00 00 48
0x00007eff92e17370:   c7 80 10 03 00 00 00 00 00 00 48 c7 80 08 05 00
0x00007eff92e17380:   00 00 00 00 00 48 83 e7 f8 29 f8 8d 88 10 05 00
0x00007eff92e17390:   00 48 89 f0 c1 e9 03 f3 48 ab bb 01 00 00 00 90
0x00007eff92e173a0:   64 48 8b 3c dd 10 05 00 00 48 85 ff 74 12 e8 2d
0x00007eff92e173b0:   f0 f8 ff 64 48 c7 04 dd 10 05 00 00 00 00 00 00
0x00007eff92e173c0:   48 83 c3 01 48 83 fb 20 75 d6 64 c6 04 25 10 06
0x00007eff92e173d0:   00 00 00 48 83 c4 18 5b 41 5c 41 5d 41 5e 41 5f
0x00007eff92e173e0:   5d c3 c3 66 2e 0f 1f 84 00 00 00 00 00 0f 1f 00
0x00007eff92e173f0:   f3 0f 1e fa f0 0f ba af 08 03 00 00 05 72 39 55
0x00007eff92e17400:   48 89 e5 53 48 89 fb 48 83 ec 08 48 8b bf b0 06
0x00007eff92e17410:   00 00 48 85 ff 74 10 48 c7 83 b0 06 00 00 00 00
0x00007eff92e17420:   00 00 e8 b9 ef f8 ff 48 89 df 48 8b 5d f8 c9 e9
0x00007eff92e17430:   ec fc ff ff 0f 1f 40 00 c3 0f 1f 80 00 00 00 00 



---------------  P R O C E S S  ---------------

VM state: not at safepoint (normal execution)

VM Mutex/Monitor currently owned by a thread: None

Heap address: 0x0000000708800000, size: 3960 MB, Compressed Oops mode: Zero based, Oop shift amount: 3

CDS archive(s) mapped at: [0x00007eff0f000000-0x00007eff0fbeb000-0x00007eff0fbeb000), size 12496896, SharedBaseAddress: 0x00007eff0f000000, ArchiveRelocationMode: 1.
Compressed class space mapped at: 0x00007eff10000000-0x00007eff50000000, reserved size: 1073741824
Narrow klass base: 0x00007eff0f000000, Narrow klass shift: 0, Narrow klass range: 0x100000000

GC Precious Log:
<Skipped>

Heap:
 garbage-first heap   total 81920K, used 52308K [0x0000000708800000, 0x0000000800000000)
  region size 2048K, 17 young (34816K), 2 survivors (4096K)
 Metaspace       used 33117K, committed 33408K, reserved 1114112K
  class space    used 3448K, committed 3584K, reserved 1048576K

Heap Regions: E=young(eden), S=young(survivor), O=old, HS=humongous(starts), HC=humongous(continues), CS=collection set, F=free, OA=open archive, CA=closed archive, TAMS=top-at-mark-start (previous, next)
|   0|0x0000000708800000, 0x0000000708a00000, 0x0000000708a00000|100%| O|  |TAMS 0x0000000708800000, 0x0000000708800000| Untracked 
|   1|0x0000000708a00000, 0x0000000708c00000, 0x0000000708c00000|100%| O|  |TAMS 0x0000000708a00000, 0x0000000708a00000| Untracked 
|   2|0x0000000708c00000, 0x0000000708e00000, 0x0000000708e00000|100%| O|  |TAMS 0x0000000708c00000, 0x0000000708c00000| Untracked 
|   3|0x0000000708e00000, 0x0000000708e00000, 0x0000000709000000|  0%| F|  |TAMS 0x0000000708e00000, 0x0000000708e00000| Untracked 
|   4|0x0000000709000000, 0x0000000709000000, 0x0000000709200000|  0%| F|  |TAMS 0x0000000709000000, 0x0000000709000000| Untracked 
|   5|0x0000000709200000, 0x0000000709200000, 0x0000000709400000|  0%| F|  |TAMS 0x0000000709200000, 0x0000000709200000| Untracked 
|   6|0x0000000709400000, 0x0000000709400000, 0x0000000709600000|  0%| F|  |TAMS 0x0000000709400000, 0x0000000709400000| Untracked 
|   7|0x0000000709600000, 0x0000000709800000, 0x0000000709800000|100%| O|  |TAMS 0x0000000709600000, 0x0000000709600000| Untracked 
|   8|0x0000000709800000, 0x0000000709a00000, 0x0000000709a00000|100%| O|  |TAMS 0x0000000709800000, 0x0000000709800000| Untracked 
|   9|0x0000000709a00000, 0x0000000709c00000, 0x0000000709c00000|100%| O|  |TAMS 0x0000000709a00000, 0x0000000709a00000| Untracked 
|  10|0x0000000709c00000, 0x0000000709e00000, 0x0000000709e00000|100%| O|  |TAMS 0x0000000709c00000, 0x0000000709c00000| Untracked 
|  11|0x0000000709e00000, 0x000000070a000000, 0x000000070a000000|100%| O|  |TAMS 0x0000000709e00000, 0x0000000709e00000| Untracked 
|  12|0x000000070a000000, 0x000000070a141800, 0x000000070a200000| 62%| O|  |TAMS 0x000000070a000000, 0x000000070a000000| Untracked 
|  13|0x000000070a200000, 0x000000070a200000, 0x000000070a400000|  0%| F|  |TAMS 0x000000070a200000, 0x000000070a200000| Untracked 
|  14|0x000000070a400000, 0x000000070a400000, 0x000000070a600000|  0%| F|  |TAMS 0x000000070a400000, 0x000000070a400000| Untracked 
|  15|0x000000070a600000, 0x000000070a600000, 0x000000070a800000|  0%| F|  |TAMS 0x000000070a600000, 0x000000070a600000| Untracked 
|  16|0x000000070a800000, 0x000000070a800000, 0x000000070aa00000|  0%| F|  |TAMS 0x000000070a800000, 0x000000070a800000| Untracked 
|  17|0x000000070aa00000, 0x000000070aa00000, 0x000000070ac00000|  0%| F|  |TAMS 0x000000070aa00000, 0x000000070aa00000| Untracked 
|  18|0x000000070ac00000, 0x000000070ac00000, 0x000000070ae00000|  0%| F|  |TAMS 0x000000070ac00000, 0x000000070ac00000| Untracked 
|  19|0x000000070ae00000, 0x000000070af75480, 0x000000070b000000| 72%| S|CS|TAMS 0x000000070ae00000, 0x000000070ae00000| Complete 
|  20|0x000000070b000000, 0x000000070b200000, 0x000000070b200000|100%| S|CS|TAMS 0x000000070b000000, 0x000000070b000000| Complete 
|  21|0x000000070b200000, 0x000000070b200000, 0x000000070b400000|  0%| F|  |TAMS 0x000000070b200000, 0x000000070b200000| Untracked 
|  22|0x000000070b400000, 0x000000070b400000, 0x000000070b600000|  0%| F|  |TAMS 0x000000070b400000, 0x000000070b400000| Untracked 
|  23|0x000000070b600000, 0x000000070b664448, 0x000000070b800000| 19%| E|  |TAMS 0x000000070b600000, 0x000000070b600000| Complete 
|  24|0x000000070b800000, 0x000000070ba00000, 0x000000070ba00000|100%| E|CS|TAMS 0x000000070b800000, 0x000000070b800000| Complete 
|  25|0x000000070ba00000, 0x000000070bc00000, 0x000000070bc00000|100%| E|CS|TAMS 0x000000070ba00000, 0x000000070ba00000| Complete 
|  26|0x000000070bc00000, 0x000000070be00000, 0x000000070be00000|100%| E|CS|TAMS 0x000000070bc00000, 0x000000070bc00000| Complete 
|  27|0x000000070be00000, 0x000000070c000000, 0x000000070c000000|100%| E|CS|TAMS 0x000000070be00000, 0x000000070be00000| Complete 
|  28|0x000000070c000000, 0x000000070c200000, 0x000000070c200000|100%| E|CS|TAMS 0x000000070c000000, 0x000000070c000000| Complete 
|  29|0x000000070c200000, 0x000000070c400000, 0x000000070c400000|100%| E|CS|TAMS 0x000000070c200000, 0x000000070c200000| Complete 
|  51|0x000000070ee00000, 0x000000070f000000, 0x000000070f000000|100%| E|CS|TAMS 0x000000070ee00000, 0x000000070ee00000| Complete 
|  52|0x000000070f000000, 0x000000070f200000, 0x000000070f200000|100%| E|CS|TAMS 0x000000070f000000, 0x000000070f000000| Complete 
|  53|0x000000070f200000, 0x000000070f400000, 0x000000070f400000|100%| E|CS|TAMS 0x000000070f200000, 0x000000070f200000| Complete 
|  54|0x000000070f400000, 0x000000070f600000, 0x000000070f600000|100%| E|CS|TAMS 0x000000070f400000, 0x000000070f400000| Complete 
|  55|0x000000070f600000, 0x000000070f800000, 0x000000070f800000|100%| E|CS|TAMS 0x000000070f600000, 0x000000070f600000| Complete 
|  56|0x000000070f800000, 0x000000070fa00000, 0x000000070fa00000|100%| E|CS|TAMS 0x000000070f800000, 0x000000070f800000| Complete 
|  57|0x000000070fa00000, 0x000000070fc00000, 0x000000070fc00000|100%| E|CS|TAMS 0x000000070fa00000, 0x000000070fa00000| Complete 
| 123|0x0000000717e00000, 0x0000000718000000, 0x0000000718000000|100%| E|CS|TAMS 0x0000000717e00000, 0x0000000717e00000| Complete 
|1978|0x00000007ffc00000, 0x00000007ffd77000, 0x00000007ffe00000| 73%|OA|  |TAMS 0x00000007ffd77000, 0x00000007ffc00000| Untracked 
|1979|0x00000007ffe00000, 0x00000007ffe83000, 0x0000000800000000| 25%|CA|  |TAMS 0x00000007ffe83000, 0x00000007ffe00000| Untracked 

Card table byte_map: [0x00007eff744ea000,0x00007eff74ca6000] _byte_map_base: 0x00007eff70ca6000

Marking Bits (Prev, Next): (CMBitMap*) 0x00007eff8c094060, (CMBitMap*) 0x00007eff8c094020
 Prev Bits: [0x00007eff6c16e000, 0x00007eff6ff4e000)
 Next Bits: [0x00007eff6ff4e000, 0x00007eff73d2e000)

Polling page: 0x00007eff92fce000

Metaspace:

Usage:
  Non-class:     28.97 MB used.
      Class:      3.37 MB used.
       Both:     32.34 MB used.

Virtual space:
  Non-class space:       64.00 MB reserved,      29.12 MB ( 46%) committed,  1 nodes.
      Class space:        1.00 GB reserved,       3.50 MB ( <1%) committed,  1 nodes.
             Both:        1.06 GB reserved,      32.62 MB (  3%) committed. 

Chunk freelists:
   Non-Class:  2.44 MB
       Class:  12.52 MB
        Both:  14.95 MB

MaxMetaspaceSize: unlimited
CompressedClassSpaceSize: 1.00 GB
Initial GC threshold: 21.00 MB
Current GC threshold: 35.25 MB
CDS: on
MetaspaceReclaimPolicy: balanced
 - commit_granule_bytes: 65536.
 - commit_granule_words: 8192.
 - virtual_space_node_default_size: 8388608.
 - enlarge_chunks_in_place: 1.
 - new_chunks_are_fully_committed: 0.
 - uncommit_free_chunks: 1.
 - use_allocation_guard: 0.
 - handle_deallocations: 1.


Internal statistics:

num_allocs_failed_limit: 3.
num_arena_births: 250.
num_arena_deaths: 0.
num_vsnodes_births: 2.
num_vsnodes_deaths: 0.
num_space_committed: 520.
num_space_uncommitted: 0.
num_chunks_returned_to_freelist: 3.
num_chunks_taken_from_freelist: 1386.
num_chunk_merges: 3.
num_chunk_splits: 996.
num_chunks_enlarged: 788.
num_inconsistent_stats: 0.

CodeHeap 'non-profiled nmethods': size=119168Kb used=3448Kb max_used=3448Kb free=115719Kb
 bounds [0x00007eff7d002000, 0x00007eff7d362000, 0x00007eff84462000]
CodeHeap 'profiled nmethods': size=119164Kb used=13645Kb max_used=13645Kb free=105518Kb
 bounds [0x00007eff75462000, 0x00007eff761c2000, 0x00007eff7c8c1000]
CodeHeap 'non-nmethods': size=7428Kb used=3393Kb max_used=3420Kb free=4034Kb
 bounds [0x00007eff7c8c1000, 0x00007eff7cc21000, 0x00007eff7d002000]
 total_blobs=7445 nmethods=6279 adapters=1076
 compilation: enabled
              stopped_count=0, restarted_count=0
 full_count=0

Compilation events (20 events):
Event: 4.656 Thread 0x00007efec819daa0 7114       4       java.lang.AbstractStringBuilder::putStringAt (34 bytes)
Event: 4.656 Thread 0x00007eff8c1ce6c0 nmethod 7115 0x00007eff7d35d210 code [0x00007eff7d35d3a0, 0x00007eff7d35d658]
Event: 4.657 Thread 0x00007efecc3cb810 nmethod 7113 0x00007eff7d35d790 code [0x00007eff7d35d920, 0x00007eff7d35dc28]
Event: 4.657 Thread 0x00007efec819daa0 nmethod 7114 0x00007eff7d35de10 code [0x00007eff7d35dfa0, 0x00007eff7d35e2c8]
Event: 4.671 Thread 0x00007eff8c1cfc00 7116       3       java.lang.StackWalker::hasOption (11 bytes)
Event: 4.672 Thread 0x00007eff8c1cfc00 nmethod 7116 0x00007eff761aa090 code [0x00007eff761aa240, 0x00007eff761aa420]
Event: 4.672 Thread 0x00007eff8c1cfc00 7117  s    3       java.lang.StringBuffer::append (13 bytes)
Event: 4.672 Thread 0x00007eff8c1cfc00 nmethod 7117 0x00007eff761aa510 code [0x00007eff761aa6c0, 0x00007eff761aa8e0]
Event: 4.672 Thread 0x00007eff8c1cfc00 7118       3       java.util.regex.Matcher::end (67 bytes)
Event: 4.672 Thread 0x00007efee8298f70 7119       3       java.util.Formatter$FormatSpecifier::print (230 bytes)
Event: 4.672 Thread 0x00007efee829ced0 7120       3       java.lang.StringBuilder::append (6 bytes)
Event: 4.672 Thread 0x00007eff8c1cfc00 nmethod 7118 0x00007eff761aa990 code [0x00007eff761aabe0, 0x00007eff761ab420]
Event: 4.672 Thread 0x00007efee829ced0 nmethod 7120 0x00007eff761ab790 code [0x00007eff761ab940, 0x00007eff761abae0]
Event: 4.672 Thread 0x00007efee8298f70 nmethod 7119 0x00007eff761abb90 code [0x00007eff761abe40, 0x00007eff761ac880]
Event: 4.673 Thread 0x00007efee8298f70 7121       3       java.lang.StackFrameInfo::declaringClass (13 bytes)
Event: 4.673 Thread 0x00007efee829c300 7122       3       java.lang.invoke.MethodHandleImpl$1::getDeclaringClass (10 bytes)
Event: 4.673 Thread 0x00007efee8298f70 nmethod 7121 0x00007eff761acb10 code [0x00007eff761accc0, 0x00007eff761acf50]
Event: 4.673 Thread 0x00007efee829c300 nmethod 7122 0x00007eff761ad090 code [0x00007eff761ad240, 0x00007eff761ad470]
Event: 4.673 Thread 0x00007efee829c300 7123       3       java.util.Formatter$FormatSpecifier::appendJustified (91 bytes)
Event: 4.673 Thread 0x00007efee829c300 nmethod 7123 0x00007eff761ad590 code [0x00007eff761ad7c0, 0x00007eff761adfa0]

GC Heap History (10 events):
Event: 0.167 GC heap before
{Heap before GC invocations=0 (full 0):
 garbage-first heap   total 258048K, used 24552K [0x0000000708800000, 0x0000000800000000)
  region size 2048K, 11 young (22528K), 0 survivors (0K)
 Metaspace       used 5135K, committed 5312K, reserved 1114112K
  class space    used 610K, committed 704K, reserved 1048576K
}
Event: 0.169 GC heap after
{Heap after GC invocations=1 (full 0):
 garbage-first heap   total 258048K, used 5138K [0x0000000708800000, 0x0000000800000000)
  region size 2048K, 2 young (4096K), 2 survivors (4096K)
 Metaspace       used 5135K, committed 5312K, reserved 1114112K
  class space    used 610K, committed 704K, reserved 1048576K
}
Event: 0.408 GC heap before
{Heap before GC invocations=1 (full 0):
 garbage-first heap   total 258048K, used 35858K [0x0000000708800000, 0x0000000800000000)
  region size 2048K, 18 young (36864K), 2 survivors (4096K)
 Metaspace       used 11660K, committed 11840K, reserved 1114112K
  class space    used 1405K, committed 1472K, reserved 1048576K
}
Event: 0.412 GC heap after
{Heap after GC invocations=2 (full 0):
 garbage-first heap   total 258048K, used 7278K [0x0000000708800000, 0x0000000800000000)
  region size 2048K, 3 young (6144K), 3 survivors (6144K)
 Metaspace       used 11660K, committed 11840K, reserved 1114112K
  class space    used 1405K, committed 1472K, reserved 1048576K
}
Event: 3.267 GC heap before
{Heap before GC invocations=2 (full 0):
 garbage-first heap   total 258048K, used 134254K [0x0000000708800000, 0x0000000800000000)
  region size 2048K, 66 young (135168K), 3 survivors (6144K)
 Metaspace       used 21265K, committed 21504K, reserved 1114112K
  class space    used 2422K, committed 2560K, reserved 1048576K
}
Event: 3.272 GC heap after
{Heap after GC invocations=3 (full 0):
 garbage-first heap   total 258048K, used 16360K [0x0000000708800000, 0x0000000800000000)
  region size 2048K, 7 young (14336K), 7 survivors (14336K)
 Metaspace       used 21265K, committed 21504K, reserved 1114112K
  class space    used 2422K, committed 2560K, reserved 1048576K
}
Event: 3.643 GC heap before
{Heap before GC invocations=4 (full 0):
 garbage-first heap   total 69632K, used 51176K [0x0000000708800000, 0x0000000800000000)
  region size 2048K, 25 young (51200K), 7 survivors (14336K)
 Metaspace       used 23580K, committed 23872K, reserved 1114112K
  class space    used 2622K, committed 2752K, reserved 1048576K
}
Event: 3.649 GC heap after
{Heap after GC invocations=5 (full 0):
 garbage-first heap   total 81920K, used 25958K [0x0000000708800000, 0x0000000800000000)
  region size 2048K, 10 young (20480K), 10 survivors (20480K)
 Metaspace       used 23580K, committed 23872K, reserved 1114112K
  class space    used 2622K, committed 2752K, reserved 1048576K
}
Event: 4.080 GC heap before
{Heap before GC invocations=5 (full 0):
 garbage-first heap   total 81920K, used 48486K [0x0000000708800000, 0x0000000800000000)
  region size 2048K, 21 young (43008K), 10 survivors (20480K)
 Metaspace       used 25794K, committed 26048K, reserved 1114112K
  class space    used 2857K, committed 2944K, reserved 1048576K
}
Event: 4.084 GC heap after
{Heap after GC invocations=6 (full 0):
 garbage-first heap   total 81920K, used 23235K [0x0000000708800000, 0x0000000800000000)
  region size 2048K, 2 young (4096K), 2 survivors (4096K)
 Metaspace       used 25794K, committed 26048K, reserved 1114112K
  class space    used 2857K, committed 2944K, reserved 1048576K
}

Dll operation events (11 events):
Event: 0.002 Loaded shared library /home/hermelin/.sdkman/candidates/java/17.0.8-tem/lib/libjava.so
Event: 0.010 Loaded shared library /home/hermelin/.sdkman/candidates/java/17.0.8-tem/lib/libjsvml.so
Event: 0.014 Loaded shared library /home/hermelin/.sdkman/candidates/java/17.0.8-tem/lib/libnio.so
Event: 0.015 Loaded shared library /home/hermelin/.sdkman/candidates/java/17.0.8-tem/lib/libzip.so
Event: 0.017 Loaded shared library /home/hermelin/.sdkman/candidates/java/17.0.8-tem/lib/libnet.so
Event: 0.041 Loaded shared library /home/hermelin/.sdkman/candidates/java/17.0.8-tem/lib/libjimage.so
Event: 0.065 Loaded shared library /home/hermelin/.sdkman/candidates/java/17.0.8-tem/lib/libverify.so
Event: 4.273 Loaded shared library /tmp/lwjgl_hermelin/3.3.2+13/x64/liblwjgl.so
Event: 4.439 Loaded shared library /tmp/lwjgl_hermelin/3.3.2+13/x64/liblwjgl_opengl.so
Event: 4.572 Loaded shared library /home/hermelin/.sdkman/candidates/java/17.0.8-tem/lib/libawt.so
Event: 4.572 Loaded shared library /home/hermelin/.sdkman/candidates/java/17.0.8-tem/lib/libawt_xawt.so

Deoptimization events (20 events):
Event: 4.556 Thread 0x00007efe68540b70 Uncommon trap: trap_request=0xffffffc6 fr.pc=0x00007eff7d165128 relative=0x0000000000000108
Event: 4.556 Thread 0x00007efe68540b70 Uncommon trap: reason=bimorphic_or_optimized_type_check action=maybe_recompile pc=0x00007eff7d165128 method=java.lang.Character.codePointBefore(Ljava/lang/CharSequence;I)I @ 5 c2
Event: 4.556 Thread 0x00007efe68540b70 DEOPT PACKING pc=0x00007eff7d165128 sp=0x00007eff0cdda120
Event: 4.556 Thread 0x00007efe68540b70 DEOPT UNPACKING pc=0x00007eff7c917699 sp=0x00007eff0cdda0c8 mode 2
Event: 4.556 Thread 0x00007efe68540b70 Uncommon trap: trap_request=0xffffffc6 fr.pc=0x00007eff7d165128 relative=0x0000000000000108
Event: 4.556 Thread 0x00007efe68540b70 Uncommon trap: reason=bimorphic_or_optimized_type_check action=maybe_recompile pc=0x00007eff7d165128 method=java.lang.Character.codePointBefore(Ljava/lang/CharSequence;I)I @ 5 c2
Event: 4.556 Thread 0x00007efe68540b70 DEOPT PACKING pc=0x00007eff7d165128 sp=0x00007eff0cdda120
Event: 4.556 Thread 0x00007efe68540b70 DEOPT UNPACKING pc=0x00007eff7c917699 sp=0x00007eff0cdda0c8 mode 2
Event: 4.580 Thread 0x00007efe68540b70 Uncommon trap: trap_request=0xffffff45 fr.pc=0x00007eff7d03ad6c relative=0x0000000000000f4c
Event: 4.580 Thread 0x00007efe68540b70 Uncommon trap: reason=unstable_if action=reinterpret pc=0x00007eff7d03ad6c method=java.util.concurrent.ConcurrentHashMap.putVal(Ljava/lang/Object;Ljava/lang/Object;Z)Ljava/lang/Object; @ 401 c2
Event: 4.580 Thread 0x00007efe68540b70 DEOPT PACKING pc=0x00007eff7d03ad6c sp=0x00007eff0cdda250
Event: 4.580 Thread 0x00007efe68540b70 DEOPT UNPACKING pc=0x00007eff7c917699 sp=0x00007eff0cdda1d0 mode 2
Event: 4.624 Thread 0x00007efe68540b70 Uncommon trap: trap_request=0xffffff45 fr.pc=0x00007eff7d1afc70 relative=0x0000000000000370
Event: 4.624 Thread 0x00007efe68540b70 Uncommon trap: reason=unstable_if action=reinterpret pc=0x00007eff7d1afc70 method=java.util.HashMap.putMapEntries(Ljava/util/Map;Z)V @ 53 c2
Event: 4.624 Thread 0x00007efe68540b70 DEOPT PACKING pc=0x00007eff7d1afc70 sp=0x00007eff0cdd9900
Event: 4.624 Thread 0x00007efe68540b70 DEOPT UNPACKING pc=0x00007eff7c917699 sp=0x00007eff0cdd9898 mode 2
Event: 4.650 Thread 0x00007efe68540b70 Uncommon trap: trap_request=0xffffff45 fr.pc=0x00007eff7d259ca0 relative=0x0000000000001860
Event: 4.650 Thread 0x00007efe68540b70 Uncommon trap: reason=unstable_if action=reinterpret pc=0x00007eff7d259ca0 method=java.io.BufferedReader.readLine(Z[Z)Ljava/lang/String; @ 209 c2
Event: 4.650 Thread 0x00007efe68540b70 DEOPT PACKING pc=0x00007eff7d259ca0 sp=0x00007eff0cdda450
Event: 4.650 Thread 0x00007efe68540b70 DEOPT UNPACKING pc=0x00007eff7c917699 sp=0x00007eff0cdda400 mode 2

Classes unloaded (0 events):
No events

Classes redefined (0 events):
No events

Internal exceptions (20 events):
Event: 4.230 Thread 0x00007eff8cdf4d10 Exception <a 'java/lang/ClassNotFoundException'{0x000000070ee23710}: sun/util/logging/resources/spi/loggingProvider> (0x000000070ee23710) 
thrown [src/hotspot/share/classfile/systemDictionary.cpp, line 256]
Event: 4.255 Thread 0x00007eff8cdf4d10 Exception <a 'java/lang/NoSuchMethodError'{0x000000070ef19df8}: 'void java.lang.invoke.DirectMethodHandle$Holder.invokeStaticInit(java.lang.Object)'> (0x000000070ef19df8) 
thrown [src/hotspot/share/interpreter/linkResolver.cpp, line 758]
Event: 4.268 Thread 0x00007efe68540b70 Exception <a 'java/lang/NoSuchMethodError'{0x000000070eff8960}: 'java.lang.Object java.lang.invoke.DirectMethodHandle$Holder.invokeStatic(java.lang.Object, java.lang.Object, int)'> (0x000000070eff8960) 
thrown [src/hotspot/share/interpreter/linkResolver.cpp, line 758]
Event: 4.269 Thread 0x00007efe68540b70 Exception <a 'java/lang/NoSuchMethodError'{0x000000070effcf70}: 'void java.lang.invoke.DirectMethodHandle$Holder.invokeStatic(java.lang.Object, java.lang.Object, int, java.lang.Object)'> (0x000000070effcf70) 
thrown [src/hotspot/share/interpreter/linkResolver.cpp, line 758]
Event: 4.269 Thread 0x00007efe68540b70 Exception <a 'java/lang/NoSuchMethodError'{0x000000070c2049c0}: 'void java.lang.invoke.DelegatingMethodHandle$Holder.delegate(java.lang.Object, java.lang.Object, int, java.lang.Object)'> (0x000000070c2049c0) 
thrown [src/hotspot/share/interpreter/linkResolver.cpp, line 758]
Event: 4.272 Thread 0x00007efe68540b70 Exception <a 'sun/nio/fs/UnixException'{0x000000070c23da20}> (0x000000070c23da20) 
thrown [src/hotspot/share/prims/jni.cpp, line 516]
Event: 4.286 Thread 0x00007efe68540b70 Exception <a 'java/lang/NoSuchMethodError'{0x000000070c2a4dd8}: 'int java.lang.invoke.DirectMethodHandle$Holder.invokeStaticInit(java.lang.Object, java.lang.Object, int, long)'> (0x000000070c2a4dd8) 
thrown [src/hotspot/share/interpreter/linkResolver.cpp, line 758]
Event: 4.286 Thread 0x00007efe68540b70 Exception <a 'java/lang/NoSuchMethodError'{0x000000070c2aa6c0}: 'java.lang.Object java.lang.invoke.DirectMethodHandle$Holder.newInvokeSpecial(java.lang.Object, java.lang.Object, int)'> (0x000000070c2aa6c0) 
thrown [src/hotspot/share/interpreter/linkResolver.cpp, line 758]
Event: 4.286 Thread 0x00007efe68540b70 Exception <a 'java/lang/NoSuchMethodError'{0x000000070c2b9048}: 'int java.lang.invoke.DirectMethodHandle$Holder.invokeStaticInit(java.lang.Object, java.lang.Object, long, long)'> (0x000000070c2b9048) 
thrown [src/hotspot/share/interpreter/linkResolver.cpp, line 758]
Event: 4.287 Thread 0x00007efe68540b70 Exception <a 'java/lang/NoSuchMethodError'{0x000000070c2becf8}: 'java.lang.Object java.lang.invoke.DirectMethodHandle$Holder.newInvokeSpecial(java.lang.Object, java.lang.Object, long)'> (0x000000070c2becf8) 
thrown [src/hotspot/share/interpreter/linkResolver.cpp, line 758]
Event: 4.287 Thread 0x00007efe68540b70 Exception <a 'java/lang/NoSuchMethodError'{0x000000070c2c2808}: 'java.lang.Object java.lang.invoke.Invokers$Holder.linkToTargetMethod(java.lang.Object, long, java.lang.Object)'> (0x000000070c2c2808) 
thrown [src/hotspot/share/interpreter/linkResolver.cpp, line 758]
Event: 4.287 Thread 0x00007efe68540b70 Exception <a 'java/lang/NoSuchMethodError'{0x000000070c2c9e08}: 'int java.lang.invoke.DirectMethodHandle$Holder.invokeStaticInit(java.lang.Object, java.lang.Object, java.lang.Object, long)'> (0x000000070c2c9e08) 
thrown [src/hotspot/share/interpreter/linkResolver.cpp, line 758]
Event: 4.297 Thread 0x00007efe68540b70 Exception <a 'sun/nio/fs/UnixException'{0x000000070c322ab0}> (0x000000070c322ab0) 
thrown [src/hotspot/share/prims/jni.cpp, line 516]
Event: 4.309 Thread 0x00007efe68540b70 Exception <a 'sun/nio/fs/UnixException'{0x000000070c3a1a80}> (0x000000070c3a1a80) 
thrown [src/hotspot/share/prims/jni.cpp, line 516]
Event: 4.439 Thread 0x00007efe68540b70 Exception <a 'sun/nio/fs/UnixException'{0x000000070c009870}> (0x000000070c009870) 
thrown [src/hotspot/share/prims/jni.cpp, line 516]
Event: 4.444 Thread 0x00007efe68540b70 Exception <a 'sun/nio/fs/UnixException'{0x000000070c017c18}> (0x000000070c017c18) 
thrown [src/hotspot/share/prims/jni.cpp, line 516]
Event: 4.632 Thread 0x00007efe68540b70 Exception <a 'java/lang/ClassNotFoundException'{0x000000070b807640}: sun/awt/resources/spi/awtProvider> (0x000000070b807640) 
thrown [src/hotspot/share/classfile/systemDictionary.cpp, line 256]
Event: 4.633 Thread 0x00007efe68540b70 Exception <a 'java/io/FileNotFoundException'{0x000000070b80d060}> (0x000000070b80d060) 
thrown [src/hotspot/share/prims/jni.cpp, line 516]
Event: 4.635 Thread 0x00007efe68540b70 Exception <a 'java/io/FileNotFoundException'{0x000000070b83a240}> (0x000000070b83a240) 
thrown [src/hotspot/share/prims/jni.cpp, line 516]
Event: 4.671 Thread 0x00007efe68540b70 Exception <a 'java/lang/NullPointerException'{0x000000070b9ff808}> (0x000000070b9ff808) 
thrown [src/hotspot/share/interpreter/linkResolver.cpp, line 1350]

VM Operations (20 events):
Event: 3.846 Executing VM operation: HandshakeAllThreads
Event: 3.846 Executing VM operation: HandshakeAllThreads done
Event: 3.847 Executing VM operation: HandshakeAllThreads
Event: 3.847 Executing VM operation: HandshakeAllThreads done
Event: 3.888 Executing VM operation: ICBufferFull
Event: 3.888 Executing VM operation: ICBufferFull done
Event: 3.971 Executing VM operation: ICBufferFull
Event: 3.971 Executing VM operation: ICBufferFull done
Event: 4.080 Executing VM operation: G1CollectForAllocation
Event: 4.084 Executing VM operation: G1CollectForAllocation done
Event: 4.102 Executing VM operation: HandshakeAllThreads
Event: 4.102 Executing VM operation: HandshakeAllThreads done
Event: 4.124 Executing VM operation: HandshakeAllThreads
Event: 4.124 Executing VM operation: HandshakeAllThreads done
Event: 4.283 Executing VM operation: HandshakeAllThreads
Event: 4.283 Executing VM operation: HandshakeAllThreads done
Event: 4.283 Executing VM operation: HandshakeAllThreads
Event: 4.283 Executing VM operation: HandshakeAllThreads done
Event: 4.672 Executing VM operation: ICBufferFull
Event: 4.672 Executing VM operation: ICBufferFull done

Events (20 events):
Event: 4.641 loading class sun/awt/image/SurfaceManager$ImageAccessor
Event: 4.641 loading class sun/awt/image/SurfaceManager$ImageAccessor done
Event: 4.641 loading class java/awt/Image$1 done
Event: 4.641 loading class sun/awt/image/SurfaceManager
Event: 4.641 loading class sun/awt/image/SurfaceManager done
Event: 4.641 loading class java/awt/image/BufferedImage$1
Event: 4.641 loading class java/awt/image/BufferedImage$1 done
Event: 4.641 loading class sun/awt/image/IntegerComponentRaster
Event: 4.642 loading class sun/awt/image/IntegerComponentRaster done
Event: 4.642 loading class java/awt/image/IndexColorModel
Event: 4.642 loading class java/awt/image/IndexColorModel done
Event: 4.642 loading class sun/awt/image/ShortComponentRaster
Event: 4.642 loading class sun/awt/image/ShortComponentRaster done
Event: 4.642 loading class com/sun/imageio/plugins/common/ReaderUtil
Event: 4.642 loading class com/sun/imageio/plugins/common/ReaderUtil done
Event: 4.671 loading class java/lang/Throwable$WrappedPrintWriter
Event: 4.671 loading class java/lang/Throwable$PrintStreamOrWriter
Event: 4.671 loading class java/lang/Throwable$PrintStreamOrWriter done
Event: 4.671 loading class java/lang/Throwable$WrappedPrintWriter done
Event: 4.690 Thread 0x00007efe68540b70 Thread exited: 0x00007efe68540b70


Dynamic libraries:
708800000-70c400000 rw-p 00000000 00:00 0 
70c400000-70ee00000 ---p 00000000 00:00 0 
70ee00000-70fc00000 rw-p 00000000 00:00 0 
70fc00000-717e00000 ---p 00000000 00:00 0 
717e00000-718000000 rw-p 00000000 00:00 0 
718000000-7ffc00000 ---p 00000000 00:00 0 
7ffc00000-7ffd00000 rw-p 00000000 00:00 0 
7ffd00000-7ffd77000 rw-p 00ca7000 08:20 127581                           /home/hermelin/.sdkman/candidates/java/17.0.8-tem/lib/server/classes.jsa
7ffd77000-7ffe00000 rw-p 00000000 00:00 0 
7ffe00000-7ffe83000 rw-p 00c24000 08:20 127581                           /home/hermelin/.sdkman/candidates/java/17.0.8-tem/lib/server/classes.jsa
7ffe83000-800000000 rw-p 00000000 00:00 0 
557aba889000-557aba88a000 r--p 00000000 08:20 128093                     /home/hermelin/.sdkman/candidates/java/17.0.8-tem/bin/java
557aba88a000-557aba88b000 r-xp 00001000 08:20 128093                     /home/hermelin/.sdkman/candidates/java/17.0.8-tem/bin/java
557aba88b000-557aba88c000 r--p 00002000 08:20 128093                     /home/hermelin/.sdkman/candidates/java/17.0.8-tem/bin/java
557aba88c000-557aba88d000 r--p 00002000 08:20 128093                     /home/hermelin/.sdkman/candidates/java/17.0.8-tem/bin/java
557aba88d000-557aba88e000 rw-p 00003000 08:20 128093                     /home/hermelin/.sdkman/candidates/java/17.0.8-tem/bin/java
557ae1cec000-557ae1d34000 rw-p 00000000 00:00 0                          [heap]
7efe503a6000-7efe503a8000 r--p 00000000 08:20 12628                      /usr/lib/x86_64-linux-gnu/libXtst.so.6.1.0
7efe503a8000-7efe503ab000 r-xp 00002000 08:20 12628                      /usr/lib/x86_64-linux-gnu/libXtst.so.6.1.0
7efe503ab000-7efe503ac000 r--p 00005000 08:20 12628                      /usr/lib/x86_64-linux-gnu/libXtst.so.6.1.0
7efe503ac000-7efe503ad000 r--p 00005000 08:20 12628                      /usr/lib/x86_64-linux-gnu/libXtst.so.6.1.0
7efe503ad000-7efe503ae000 rw-p 00006000 08:20 12628                      /usr/lib/x86_64-linux-gnu/libXtst.so.6.1.0
7efe503ae000-7efe503be000 r--p 00000000 08:20 127556                     /home/hermelin/.sdkman/candidates/java/17.0.8-tem/lib/libawt_xawt.so
7efe503be000-7efe503fc000 r-xp 00010000 08:20 127556                     /home/hermelin/.sdkman/candidates/java/17.0.8-tem/lib/libawt_xawt.so
7efe503fc000-7efe5040d000 r--p 0004e000 08:20 127556                     /home/hermelin/.sdkman/candidates/java/17.0.8-tem/lib/libawt_xawt.so
7efe5040d000-7efe5040e000 ---p 0005f000 08:20 127556                     /home/hermelin/.sdkman/candidates/java/17.0.8-tem/lib/libawt_xawt.so
7efe5040e000-7efe5040f000 r--p 0005f000 08:20 127556                     /home/hermelin/.sdkman/candidates/java/17.0.8-tem/lib/libawt_xawt.so
7efe5040f000-7efe50411000 rw-p 00060000 08:20 127556                     /home/hermelin/.sdkman/candidates/java/17.0.8-tem/lib/libawt_xawt.so
7efe50411000-7efe50413000 rw-p 00000000 00:00 0 
7efe50413000-7efe50440000 r--p 00000000 08:20 127704                     /home/hermelin/.sdkman/candidates/java/17.0.8-tem/lib/libawt.so
7efe50440000-7efe504c2000 r-xp 0002d000 08:20 127704                     /home/hermelin/.sdkman/candidates/java/17.0.8-tem/lib/libawt.so
7efe504c2000-7efe504cf000 r--p 000af000 08:20 127704                     /home/hermelin/.sdkman/candidates/java/17.0.8-tem/lib/libawt.so
7efe504cf000-7efe504d0000 r--p 000bb000 08:20 127704                     /home/hermelin/.sdkman/candidates/java/17.0.8-tem/lib/libawt.so
7efe504d0000-7efe504db000 rw-p 000bc000 08:20 127704                     /home/hermelin/.sdkman/candidates/java/17.0.8-tem/lib/libawt.so
7efe504db000-7efe50500000 rw-p 00000000 00:00 0 
7efe50500000-7efe50543000 r--p 00000000 08:20 12585                      /usr/lib/x86_64-linux-gnu/libGL.so.1.7.0
7efe50543000-7efe50563000 r-xp 00043000 08:20 12585                      /usr/lib/x86_64-linux-gnu/libGL.so.1.7.0
7efe50563000-7efe50577000 r--p 00063000 08:20 12585                      /usr/lib/x86_64-linux-gnu/libGL.so.1.7.0
7efe50577000-7efe50585000 r--p 00077000 08:20 12585                      /usr/lib/x86_64-linux-gnu/libGL.so.1.7.0
7efe50585000-7efe50586000 rw-p 00085000 08:20 12585                      /usr/lib/x86_64-linux-gnu/libGL.so.1.7.0
7efe50586000-7efe50587000 rw-p 00000000 00:00 0 
7efe5058f000-7efe505c2000 r--p 00000000 08:20 19750                      /tmp/lwjgl_hermelin/3.3.2+13/x64/liblwjgl_opengl.so
7efe505c2000-7efe505d6000 r-xp 00033000 08:20 19750                      /tmp/lwjgl_hermelin/3.3.2+13/x64/liblwjgl_opengl.so
7efe505d6000-7efe505e6000 r--p 00047000 08:20 19750                      /tmp/lwjgl_hermelin/3.3.2+13/x64/liblwjgl_opengl.so
7efe505e6000-7efe505e7000 r--p 00056000 08:20 19750                      /tmp/lwjgl_hermelin/3.3.2+13/x64/liblwjgl_opengl.so
7efe505e7000-7efe505e8000 rw-p 00057000 08:20 19750                      /tmp/lwjgl_hermelin/3.3.2+13/x64/liblwjgl_opengl.so
7efe518a9000-7efe518aa000 ---p 00000000 00:00 0 
7efe518aa000-7efe520aa000 rw-p 00000000 00:00 0 
7efe520aa000-7efe520ab000 ---p 00000000 00:00 0 
7efe520ab000-7efe528ab000 rw-p 00000000 00:00 0 
7efe528ab000-7efe528ac000 ---p 00000000 00:00 0 
7efe528ac000-7efe530ac000 rw-p 00000000 00:00 0 
7efe530ac000-7efe530ad000 ---p 00000000 00:00 0 
7efe530ad000-7efe538ad000 rw-p 00000000 00:00 0 
7efe55198000-7efe5580e000 r--p 00000000 00:21 26740122787534273          /usr/lib/wsl/drivers/iigd_dch.inf_amd64_855dad1f6c222886/libLLVM-14.so
7efe5580e000-7efe56bbc000 r-xp 00676000 00:21 26740122787534273          /usr/lib/wsl/drivers/iigd_dch.inf_amd64_855dad1f6c222886/libLLVM-14.so
7efe56bbc000-7efe5720a000 r--p 01a24000 00:21 26740122787534273          /usr/lib/wsl/drivers/iigd_dch.inf_amd64_855dad1f6c222886/libLLVM-14.so
7efe5720a000-7efe5720b000 ---p 02072000 00:21 26740122787534273          /usr/lib/wsl/drivers/iigd_dch.inf_amd64_855dad1f6c222886/libLLVM-14.so
7efe5720b000-7efe572ae000 r--p 02072000 00:21 26740122787534273          /usr/lib/wsl/drivers/iigd_dch.inf_amd64_855dad1f6c222886/libLLVM-14.so
7efe572ae000-7efe572b8000 rw-p 02115000 00:21 26740122787534273          /usr/lib/wsl/drivers/iigd_dch.inf_amd64_855dad1f6c222886/libLLVM-14.so
7efe572b8000-7efe57306000 rw-p 00000000 00:00 0 
7efe57306000-7efe5763e000 r--p 00000000 00:21 2533274790417546           /usr/lib/wsl/drivers/iigd_dch.inf_amd64_855dad1f6c222886/libigc.so
7efe5763e000-7efe59188000 r-xp 00338000 00:21 2533274790417546           /usr/lib/wsl/drivers/iigd_dch.inf_amd64_855dad1f6c222886/libigc.so
7efe59188000-7efe59885000 r--p 01e82000 00:21 2533274790417546           /usr/lib/wsl/drivers/iigd_dch.inf_amd64_855dad1f6c222886/libigc.so
7efe59885000-7efe59ac7000 r--p 0257e000 00:21 2533274790417546           /usr/lib/wsl/drivers/iigd_dch.inf_amd64_855dad1f6c222886/libigc.so
7efe59ac7000-7efe5abfb000 rw-p 027c0000 00:21 2533274790417546           /usr/lib/wsl/drivers/iigd_dch.inf_amd64_855dad1f6c222886/libigc.so
7efe5abfb000-7efe5ac74000 rw-p 00000000 00:00 0 
7efe5bd60000-7efe5bdc3000 r--p 00000000 00:22 2251799813836318           /usr/lib/wsl/lib/libdxcore.so
7efe5bdc3000-7efe5be40000 r-xp 00062000 00:22 2251799813836318           /usr/lib/wsl/lib/libdxcore.so
7efe5be40000-7efe5be48000 r--p 000de000 00:22 2251799813836318           /usr/lib/wsl/lib/libdxcore.so
7efe5be48000-7efe5be49000 rw-p 000e5000 00:22 2251799813836318           /usr/lib/wsl/lib/libdxcore.so
7efe5be49000-7efe5be4d000 rw-p 00000000 00:00 0 
7efe5bf18000-7efe5bf19000 r--p 00000000 08:20 12838                      /usr/lib/x86_64-linux-gnu/libicudata.so.74.2
7efe5bf19000-7efe5bf1a000 r-xp 00001000 08:20 12838                      /usr/lib/x86_64-linux-gnu/libicudata.so.74.2
7efe5bf1a000-7efe5dc76000 r--p 00002000 08:20 12838                      /usr/lib/x86_64-linux-gnu/libicudata.so.74.2
7efe5dc76000-7efe5dc77000 r--p 01d5d000 08:20 12838                      /usr/lib/x86_64-linux-gnu/libicudata.so.74.2
7efe5dc77000-7efe5dc78000 rw-p 01d5e000 08:20 12838                      /usr/lib/x86_64-linux-gnu/libicudata.so.74.2
7efe5dc78000-7efe5dc7b000 r--p 00000000 08:20 12879                      /usr/lib/x86_64-linux-gnu/liblzma.so.5.4.5
7efe5dc7b000-7efe5dc9d000 r-xp 00003000 08:20 12879                      /usr/lib/x86_64-linux-gnu/liblzma.so.5.4.5
7efe5dc9d000-7efe5dca8000 r--p 00025000 08:20 12879                      /usr/lib/x86_64-linux-gnu/liblzma.so.5.4.5
7efe5dca8000-7efe5dca9000 r--p 00030000 08:20 12879                      /usr/lib/x86_64-linux-gnu/liblzma.so.5.4.5
7efe5dca9000-7efe5dcaa000 rw-p 00031000 08:20 12879                      /usr/lib/x86_64-linux-gnu/liblzma.so.5.4.5
7efe5dcaa000-7efe5dd12000 r--p 00000000 08:20 12848                      /usr/lib/x86_64-linux-gnu/libicuuc.so.74.2
7efe5dd12000-7efe5de17000 r-xp 00068000 08:20 12848                      /usr/lib/x86_64-linux-gnu/libicuuc.so.74.2
7efe5de17000-7efe5dea1000 r--p 0016d000 08:20 12848                      /usr/lib/x86_64-linux-gnu/libicuuc.so.74.2
7efe5dea1000-7efe5deb4000 r--p 001f7000 08:20 12848                      /usr/lib/x86_64-linux-gnu/libicuuc.so.74.2
7efe5deb4000-7efe5deb5000 rw-p 0020a000 08:20 12848                      /usr/lib/x86_64-linux-gnu/libicuuc.so.74.2
7efe5deb5000-7efe5deb7000 rw-p 00000000 00:00 0 
7efe5dec2000-7efe5def1000 r--p 00000000 08:20 58618                      /usr/lib/x86_64-linux-gnu/libxml2.so.2.9.14
7efe5def1000-7efe5e057000 r-xp 0002f000 08:20 58618                      /usr/lib/x86_64-linux-gnu/libxml2.so.2.9.14
7efe5e057000-7efe5e099000 r--p 00195000 08:20 58618                      /usr/lib/x86_64-linux-gnu/libxml2.so.2.9.14
7efe5e099000-7efe5e0a2000 r--p 001d6000 08:20 58618                      /usr/lib/x86_64-linux-gnu/libxml2.so.2.9.14
7efe5e0a2000-7efe5e0a3000 rw-p 001df000 08:20 58618                      /usr/lib/x86_64-linux-gnu/libxml2.so.2.9.14
7efe5e0a3000-7efe5e0a4000 rw-p 00000000 00:00 0 
7efe5e0a4000-7efe5e0b2000 r--p 00000000 08:20 13012                      /usr/lib/x86_64-linux-gnu/libtinfo.so.6.4
7efe5e0b2000-7efe5e0c5000 r-xp 0000e000 08:20 13012                      /usr/lib/x86_64-linux-gnu/libtinfo.so.6.4
7efe5e0c5000-7efe5e0d3000 r--p 00021000 08:20 13012                      /usr/lib/x86_64-linux-gnu/libtinfo.so.6.4
7efe5e0d3000-7efe5e0d7000 r--p 0002e000 08:20 13012                      /usr/lib/x86_64-linux-gnu/libtinfo.so.6.4
7efe5e0d7000-7efe5e0d8000 rw-p 00032000 08:20 13012                      /usr/lib/x86_64-linux-gnu/libtinfo.so.6.4
7efe5e0d8000-7efe5e0e0000 r--p 00000000 08:20 12743                      /usr/lib/x86_64-linux-gnu/libedit.so.2.0.72
7efe5e0e0000-7efe5e0ff000 r-xp 00008000 08:20 12743                      /usr/lib/x86_64-linux-gnu/libedit.so.2.0.72
7efe5e0ff000-7efe5e10b000 r--p 00027000 08:20 12743                      /usr/lib/x86_64-linux-gnu/libedit.so.2.0.72
7efe5e10b000-7efe5e10d000 r--p 00033000 08:20 12743                      /usr/lib/x86_64-linux-gnu/libedit.so.2.0.72
7efe5e10d000-7efe5e10e000 rw-p 00035000 08:20 12743                      /usr/lib/x86_64-linux-gnu/libedit.so.2.0.72
7efe5e10e000-7efe5e112000 rw-p 00000000 00:00 0 
7efe5e112000-7efe5e114000 r--p 00000000 08:20 12763                      /usr/lib/x86_64-linux-gnu/libffi.so.8.1.4
7efe5e114000-7efe5e11b000 r-xp 00002000 08:20 12763                      /usr/lib/x86_64-linux-gnu/libffi.so.8.1.4
7efe5e11b000-7efe5e11c000 r--p 00009000 08:20 12763                      /usr/lib/x86_64-linux-gnu/libffi.so.8.1.4
7efe5e11c000-7efe5e11d000 r--p 0000a000 08:20 12763                      /usr/lib/x86_64-linux-gnu/libffi.so.8.1.4
7efe5e11d000-7efe5e11e000 rw-p 0000b000 08:20 12763                      /usr/lib/x86_64-linux-gnu/libffi.so.8.1.4
7efe5e11e000-7efe5e122000 r--p 00000000 08:20 20719                      /usr/lib/x86_64-linux-gnu/libgcc_s.so.1
7efe5e122000-7efe5e146000 r-xp 00004000 08:20 20719                      /usr/lib/x86_64-linux-gnu/libgcc_s.so.1
7efe5e146000-7efe5e14a000 r--p 00028000 08:20 20719                      /usr/lib/x86_64-linux-gnu/libgcc_s.so.1
7efe5e14a000-7efe5e14b000 r--p 0002b000 08:20 20719                      /usr/lib/x86_64-linux-gnu/libgcc_s.so.1
7efe5e14b000-7efe5e14c000 rw-p 0002c000 08:20 20719                      /usr/lib/x86_64-linux-gnu/libgcc_s.so.1
7efe5e14c000-7efe5e1e9000 r--p 00000000 08:20 17766                      /usr/lib/x86_64-linux-gnu/libstdc++.so.6.0.33
7efe5e1e9000-7efe5e331000 r-xp 0009d000 08:20 17766                      /usr/lib/x86_64-linux-gnu/libstdc++.so.6.0.33
7efe5e331000-7efe5e3b8000 r--p 001e5000 08:20 17766                      /usr/lib/x86_64-linux-gnu/libstdc++.so.6.0.33
7efe5e3b8000-7efe5e3c3000 r--p 0026b000 08:20 17766                      /usr/lib/x86_64-linux-gnu/libstdc++.so.6.0.33
7efe5e3c3000-7efe5e3c6000 rw-p 00276000 08:20 17766                      /usr/lib/x86_64-linux-gnu/libstdc++.so.6.0.33
7efe5e3c6000-7efe5e3ca000 rw-p 00000000 00:00 0 
7efe5e440000-7efe5e444000 r--p 00000000 08:20 13088                      /usr/lib/x86_64-linux-gnu/libzstd.so.1.5.5
7efe5e444000-7efe5e4eb000 r-xp 00004000 08:20 13088                      /usr/lib/x86_64-linux-gnu/libzstd.so.1.5.5
7efe5e4eb000-7efe5e4f8000 r--p 000ab000 08:20 13088                      /usr/lib/x86_64-linux-gnu/libzstd.so.1.5.5
7efe5e4f8000-7efe5e4f9000 r--p 000b7000 08:20 13088                      /usr/lib/x86_64-linux-gnu/libzstd.so.1.5.5
7efe5e4f9000-7efe5e4fa000 rw-p 000b8000 08:20 13088                      /usr/lib/x86_64-linux-gnu/libzstd.so.1.5.5
7efe5e4fa000-7efe65662000 r-xp 00000000 08:20 12594                      /usr/lib/x86_64-linux-gnu/libLLVM-17.so.1
7efe65662000-7efe65aa2000 r--p 07167000 08:20 12594                      /usr/lib/x86_64-linux-gnu/libLLVM-17.so.1
7efe65aa2000-7efe65aec000 rw-p 075a7000 08:20 12594                      /usr/lib/x86_64-linux-gnu/libLLVM-17.so.1
7efe65aec000-7efe65b71000 rw-p 00000000 00:00 0 
7efe67d62000-7efe67d65000 r--p 00000000 08:20 13068                      /usr/lib/x86_64-linux-gnu/libxcb-xfixes.so.0.0.0
7efe67d65000-7efe67d68000 r-xp 00003000 08:20 13068                      /usr/lib/x86_64-linux-gnu/libxcb-xfixes.so.0.0.0
7efe67d68000-7efe67d6a000 r--p 00006000 08:20 13068                      /usr/lib/x86_64-linux-gnu/libxcb-xfixes.so.0.0.0
7efe67d6a000-7efe67d6b000 r--p 00007000 08:20 13068                      /usr/lib/x86_64-linux-gnu/libxcb-xfixes.so.0.0.0
7efe67d6b000-7efe67d6c000 rw-p 00008000 08:20 13068                      /usr/lib/x86_64-linux-gnu/libxcb-xfixes.so.0.0.0
7efe67d6c000-7efe67d6f000 r--p 00000000 08:20 13066                      /usr/lib/x86_64-linux-gnu/libxcb-sync.so.1.0.0
7efe67d6f000-7efe67d72000 r-xp 00003000 08:20 13066                      /usr/lib/x86_64-linux-gnu/libxcb-sync.so.1.0.0
7efe67d72000-7efe67d73000 r--p 00006000 08:20 13066                      /usr/lib/x86_64-linux-gnu/libxcb-sync.so.1.0.0
7efe67d73000-7efe67d74000 r--p 00007000 08:20 13066                      /usr/lib/x86_64-linux-gnu/libxcb-sync.so.1.0.0
7efe67d74000-7efe67d75000 rw-p 00008000 08:20 13066                      /usr/lib/x86_64-linux-gnu/libxcb-sync.so.1.0.0
7efe67d75000-7efe67d76000 r--p 00000000 08:20 13058                      /usr/lib/x86_64-linux-gnu/libxcb-present.so.0.0.0
7efe67d76000-7efe67d77000 r-xp 00001000 08:20 13058                      /usr/lib/x86_64-linux-gnu/libxcb-present.so.0.0.0
7efe67d77000-7efe67d78000 r--p 00002000 08:20 13058                      /usr/lib/x86_64-linux-gnu/libxcb-present.so.0.0.0
7efe67d78000-7efe67d79000 r--p 00002000 08:20 13058                      /usr/lib/x86_64-linux-gnu/libxcb-present.so.0.0.0
7efe67d79000-7efe67d7a000 rw-p 00003000 08:20 13058                      /usr/lib/x86_64-linux-gnu/libxcb-present.so.0.0.0
7efe67d7a000-7efe67d7c000 r--p 00000000 08:20 13054                      /usr/lib/x86_64-linux-gnu/libxcb-dri3.so.0.1.0
7efe67d7c000-7efe67d7e000 r-xp 00002000 08:20 13054                      /usr/lib/x86_64-linux-gnu/libxcb-dri3.so.0.1.0
7efe67d7e000-7efe67d7f000 r--p 00004000 08:20 13054                      /usr/lib/x86_64-linux-gnu/libxcb-dri3.so.0.1.0
7efe67d7f000-7efe67d80000 r--p 00004000 08:20 13054                      /usr/lib/x86_64-linux-gnu/libxcb-dri3.so.0.1.0
7efe67d80000-7efe67d81000 rw-p 00005000 08:20 13054                      /usr/lib/x86_64-linux-gnu/libxcb-dri3.so.0.1.0
7efe67d81000-7efe67d88000 r--p 00000000 08:20 13060                      /usr/lib/x86_64-linux-gnu/libxcb-randr.so.0.1.0
7efe67d88000-7efe67d8d000 r-xp 00007000 08:20 13060                      /usr/lib/x86_64-linux-gnu/libxcb-randr.so.0.1.0
7efe67d8d000-7efe67d90000 r--p 0000c000 08:20 13060                      /usr/lib/x86_64-linux-gnu/libxcb-randr.so.0.1.0
7efe67d90000-7efe67d91000 r--p 0000f000 08:20 13060                      /usr/lib/x86_64-linux-gnu/libxcb-randr.so.0.1.0
7efe67d91000-7efe67d92000 rw-p 00010000 08:20 13060                      /usr/lib/x86_64-linux-gnu/libxcb-randr.so.0.1.0
7efe67d92000-7efe67d93000 r--p 00000000 08:20 13078                      /usr/lib/x86_64-linux-gnu/libxshmfence.so.1.0.0
7efe67d93000-7efe67d94000 r-xp 00001000 08:20 13078                      /usr/lib/x86_64-linux-gnu/libxshmfence.so.1.0.0
7efe67d94000-7efe67d95000 r--p 00002000 08:20 13078                      /usr/lib/x86_64-linux-gnu/libxshmfence.so.1.0.0
7efe67d95000-7efe67d96000 r--p 00002000 08:20 13078                      /usr/lib/x86_64-linux-gnu/libxshmfence.so.1.0.0
7efe67d96000-7efe67d97000 rw-p 00003000 08:20 13078                      /usr/lib/x86_64-linux-gnu/libxshmfence.so.1.0.0
7efe67d97000-7efe67d9b000 r--p 00000000 08:20 61694                      /usr/lib/x86_64-linux-gnu/libexpat.so.1.9.1
7efe67d9b000-7efe67db7000 r-xp 00004000 08:20 61694                      /usr/lib/x86_64-linux-gnu/libexpat.so.1.9.1
7efe67db7000-7efe67dbf000 r--p 00020000 08:20 61694                      /usr/lib/x86_64-linux-gnu/libexpat.so.1.9.1
7efe67dbf000-7efe67dc1000 r--p 00027000 08:20 61694                      /usr/lib/x86_64-linux-gnu/libexpat.so.1.9.1
7efe67dc1000-7efe67dc2000 rw-p 00029000 08:20 61694                      /usr/lib/x86_64-linux-gnu/libexpat.so.1.9.1
7efe67dc2000-7efe67dc3000 r--p 00000000 08:20 13064                      /usr/lib/x86_64-linux-gnu/libxcb-shm.so.0.0.0
7efe67dc3000-7efe67dc4000 r-xp 00001000 08:20 13064                      /usr/lib/x86_64-linux-gnu/libxcb-shm.so.0.0.0
7efe67dc4000-7efe67dc5000 r--p 00002000 08:20 13064                      /usr/lib/x86_64-linux-gnu/libxcb-shm.so.0.0.0
7efe67dc5000-7efe67dc6000 r--p 00002000 08:20 13064                      /usr/lib/x86_64-linux-gnu/libxcb-shm.so.0.0.0
7efe67dc6000-7efe67dc7000 rw-p 00003000 08:20 13064                      /usr/lib/x86_64-linux-gnu/libxcb-shm.so.0.0.0
7efe67dc7000-7efe67dc9000 r--p 00000000 08:20 13052                      /usr/lib/x86_64-linux-gnu/libxcb-dri2.so.0.0.0
7efe67dc9000-7efe67dcb000 r-xp 00002000 08:20 13052                      /usr/lib/x86_64-linux-gnu/libxcb-dri2.so.0.0.0
7efe67dcb000-7efe67dcc000 r--p 00004000 08:20 13052                      /usr/lib/x86_64-linux-gnu/libxcb-dri2.so.0.0.0
7efe67dcc000-7efe67dcd000 r--p 00004000 08:20 13052                      /usr/lib/x86_64-linux-gnu/libxcb-dri2.so.0.0.0
7efe67dcd000-7efe67dce000 rw-p 00005000 08:20 13052                      /usr/lib/x86_64-linux-gnu/libxcb-dri2.so.0.0.0
7efe67dce000-7efe67dd9000 r--p 00000000 08:20 13056                      /usr/lib/x86_64-linux-gnu/libxcb-glx.so.0.0.0
7efe67dd9000-7efe67de2000 r-xp 0000b000 08:20 13056                      /usr/lib/x86_64-linux-gnu/libxcb-glx.so.0.0.0
7efe67de2000-7efe67de7000 r--p 00014000 08:20 13056                      /usr/lib/x86_64-linux-gnu/libxcb-glx.so.0.0.0
7efe67de7000-7efe67de9000 r--p 00019000 08:20 13056                      /usr/lib/x86_64-linux-gnu/libxcb-glx.so.0.0.0
7efe67de9000-7efe67dea000 rw-p 0001b000 08:20 13056                      /usr/lib/x86_64-linux-gnu/libxcb-glx.so.0.0.0
7efe67dea000-7efe67def000 r--p 00000000 08:20 12723                      /usr/lib/x86_64-linux-gnu/libdrm.so.2.4.0
7efe67def000-7efe67dfb000 r-xp 00005000 08:20 12723                      /usr/lib/x86_64-linux-gnu/libdrm.so.2.4.0
7efe67dfb000-7efe67dff000 r--p 00011000 08:20 12723                      /usr/lib/x86_64-linux-gnu/libdrm.so.2.4.0
7efe67dff000-7efe67e00000 r--p 00014000 08:20 12723                      /usr/lib/x86_64-linux-gnu/libdrm.so.2.4.0
7efe67e00000-7efe67e01000 rw-p 00015000 08:20 12723                      /usr/lib/x86_64-linux-gnu/libdrm.so.2.4.0
7efe67e01000-7efe67e0e000 r--p 00000000 08:20 45360                      /usr/lib/x86_64-linux-gnu/libglapi.so.0.0.0
7efe67e0e000-7efe67e1c000 r-xp 0000d000 08:20 45360                      /usr/lib/x86_64-linux-gnu/libglapi.so.0.0.0
7efe67e1c000-7efe67e30000 r--p 0001b000 08:20 45360                      /usr/lib/x86_64-linux-gnu/libglapi.so.0.0.0
7efe67e30000-7efe67e34000 r--p 0002f000 08:20 45360                      /usr/lib/x86_64-linux-gnu/libglapi.so.0.0.0
7efe67e34000-7efe67e35000 rw-p 00033000 08:20 45360                      /usr/lib/x86_64-linux-gnu/libglapi.so.0.0.0
7efe67e35000-7efe67e4e000 r--p 00000000 08:20 45341                      /usr/lib/x86_64-linux-gnu/libGLX_mesa.so.0.0.0
7efe67e4e000-7efe67e8e000 r-xp 00019000 08:20 45341                      /usr/lib/x86_64-linux-gnu/libGLX_mesa.so.0.0.0
7efe67e8e000-7efe67ea1000 r--p 00059000 08:20 45341                      /usr/lib/x86_64-linux-gnu/libGLX_mesa.so.0.0.0
7efe67ea1000-7efe67ea4000 r--p 0006b000 08:20 45341                      /usr/lib/x86_64-linux-gnu/libGLX_mesa.so.0.0.0
7efe67ea4000-7efe67ea5000 rw-p 0006e000 08:20 45341                      /usr/lib/x86_64-linux-gnu/libGLX_mesa.so.0.0.0
7efe67ea5000-7efe67ea6000 rw-p 00000000 00:00 0 
7efe67ea6000-7efe67ee7000 r--p 00000000 08:20 12592                      /usr/lib/x86_64-linux-gnu/libGLdispatch.so.0.0.0
7efe67ee7000-7efe67f26000 r-xp 00041000 08:20 12592                      /usr/lib/x86_64-linux-gnu/libGLdispatch.so.0.0.0
7efe67f26000-7efe67f39000 r--p 00080000 08:20 12592                      /usr/lib/x86_64-linux-gnu/libGLdispatch.so.0.0.0
7efe67f39000-7efe67f55000 r--p 00093000 08:20 12592                      /usr/lib/x86_64-linux-gnu/libGLdispatch.so.0.0.0
7efe67f55000-7efe67f56000 rw-p 000af000 08:20 12592                      /usr/lib/x86_64-linux-gnu/libGLdispatch.so.0.0.0
7efe67f56000-7efe67f5e000 rw-p 00000000 00:00 0 
7efe67f5e000-7efe67f61000 r--p 00000000 08:20 12587                      /usr/lib/x86_64-linux-gnu/libGLX.so.0.0.0
7efe67f61000-7efe67f7c000 r-xp 00003000 08:20 12587                      /usr/lib/x86_64-linux-gnu/libGLX.so.0.0.0
7efe67f7c000-7efe67f7f000 r--p 0001e000 08:20 12587                      /usr/lib/x86_64-linux-gnu/libGLX.so.0.0.0
7efe67f7f000-7efe67f80000 r--p 00020000 08:20 12587                      /usr/lib/x86_64-linux-gnu/libGLX.so.0.0.0
7efe67f80000-7efe67f81000 rw-p 00021000 08:20 12587                      /usr/lib/x86_64-linux-gnu/libGLX.so.0.0.0
7efe67f81000-7efe67f91000 rw-p 00000000 00:00 0 
7efe67f91000-7efe67f92000 r--p 00000000 08:20 12600                      /usr/lib/x86_64-linux-gnu/libX11-xcb.so.1.0.0
7efe67f92000-7efe67f93000 r-xp 00001000 08:20 12600                      /usr/lib/x86_64-linux-gnu/libX11-xcb.so.1.0.0
7efe67f93000-7efe67f94000 r--p 00002000 08:20 12600                      /usr/lib/x86_64-linux-gnu/libX11-xcb.so.1.0.0
7efe67f94000-7efe67f95000 r--p 00002000 08:20 12600                      /usr/lib/x86_64-linux-gnu/libX11-xcb.so.1.0.0
7efe67f95000-7efe67f96000 rw-p 00003000 08:20 12600                      /usr/lib/x86_64-linux-gnu/libX11-xcb.so.1.0.0
7efe67f96000-7efe67f98000 r--p 00000000 08:20 12616                      /usr/lib/x86_64-linux-gnu/libXfixes.so.3.1.0
7efe67f98000-7efe67f9b000 r-xp 00002000 08:20 12616                      /usr/lib/x86_64-linux-gnu/libXfixes.so.3.1.0
7efe67f9b000-7efe67f9c000 r--p 00005000 08:20 12616                      /usr/lib/x86_64-linux-gnu/libXfixes.so.3.1.0
7efe67f9c000-7efe67f9d000 r--p 00005000 08:20 12616                      /usr/lib/x86_64-linux-gnu/libXfixes.so.3.1.0
7efe67f9d000-7efe67f9e000 rw-p 00006000 08:20 12616                      /usr/lib/x86_64-linux-gnu/libXfixes.so.3.1.0
7efe67faa000-7efe67fac000 r--p 00000000 08:20 12626                      /usr/lib/x86_64-linux-gnu/libXrender.so.1.3.0
7efe67fac000-7efe67fb3000 r-xp 00002000 08:20 12626                      /usr/lib/x86_64-linux-gnu/libXrender.so.1.3.0
7efe67fb3000-7efe67fb4000 r--p 00009000 08:20 12626                      /usr/lib/x86_64-linux-gnu/libXrender.so.1.3.0
7efe67fb4000-7efe67fb5000 r--p 00009000 08:20 12626                      /usr/lib/x86_64-linux-gnu/libXrender.so.1.3.0
7efe67fb5000-7efe67fb6000 rw-p 0000a000 08:20 12626                      /usr/lib/x86_64-linux-gnu/libXrender.so.1.3.0
7efe67fc3000-7efe67fc6000 r--p 00000000 08:20 12618                      /usr/lib/x86_64-linux-gnu/libXi.so.6.1.0
7efe67fc6000-7efe67fd2000 r-xp 00003000 08:20 12618                      /usr/lib/x86_64-linux-gnu/libXi.so.6.1.0
7efe67fd2000-7efe67fd4000 r--p 0000f000 08:20 12618                      /usr/lib/x86_64-linux-gnu/libXi.so.6.1.0
7efe67fd4000-7efe67fd5000 r--p 00011000 08:20 12618                      /usr/lib/x86_64-linux-gnu/libXi.so.6.1.0
7efe67fd5000-7efe67fd6000 rw-p 00012000 08:20 12618                      /usr/lib/x86_64-linux-gnu/libXi.so.6.1.0
7efe67fd6000-7efe67fda000 r--p 00000000 08:20 12614                      /usr/lib/x86_64-linux-gnu/libXext.so.6.4.0
7efe67fda000-7efe67fe5000 r-xp 00004000 08:20 12614                      /usr/lib/x86_64-linux-gnu/libXext.so.6.4.0
7efe67fe5000-7efe67fe8000 r--p 0000f000 08:20 12614                      /usr/lib/x86_64-linux-gnu/libXext.so.6.4.0
7efe67fe8000-7efe67fe9000 r--p 00011000 08:20 12614                      /usr/lib/x86_64-linux-gnu/libXext.so.6.4.0
7efe67fe9000-7efe67fea000 rw-p 00012000 08:20 12614                      /usr/lib/x86_64-linux-gnu/libXext.so.6.4.0
7efe67fea000-7efe67feb000 r--p 00000000 08:20 12630                      /usr/lib/x86_64-linux-gnu/libXxf86vm.so.1.0.0
7efe67feb000-7efe67fee000 r-xp 00001000 08:20 12630                      /usr/lib/x86_64-linux-gnu/libXxf86vm.so.1.0.0
7efe67fee000-7efe67fef000 r--p 00004000 08:20 12630                      /usr/lib/x86_64-linux-gnu/libXxf86vm.so.1.0.0
7efe67fef000-7efe67ff0000 r--p 00004000 08:20 12630                      /usr/lib/x86_64-linux-gnu/libXxf86vm.so.1.0.0
7efe67ff0000-7efe67ff1000 rw-p 00005000 08:20 12630                      /usr/lib/x86_64-linux-gnu/libXxf86vm.so.1.0.0
7efe67ff1000-7efe67ff3000 r--p 00000000 08:20 12886                      /usr/lib/x86_64-linux-gnu/libmd.so.0.1.0
7efe67ff3000-7efe67ffc000 r-xp 00002000 08:20 12886                      /usr/lib/x86_64-linux-gnu/libmd.so.0.1.0
7efe67ffc000-7efe67ffe000 r--p 0000b000 08:20 12886                      /usr/lib/x86_64-linux-gnu/libmd.so.0.1.0
7efe67ffe000-7efe67fff000 r--p 0000c000 08:20 12886                      /usr/lib/x86_64-linux-gnu/libmd.so.0.1.0
7efe67fff000-7efe68000000 rw-p 0000d000 08:20 12886                      /usr/lib/x86_64-linux-gnu/libmd.so.0.1.0
7efe68000000-7efe68546000 rw-p 00000000 00:00 0 
7efe68546000-7efe6c000000 ---p 00000000 00:00 0 
7efe6c000000-7efe6c79e000 rw-p 00000000 00:00 0 
7efe6c79e000-7efe70000000 ---p 00000000 00:00 0 
7efe70000000-7efe70021000 rw-p 00000000 00:00 0 
7efe70021000-7efe74000000 ---p 00000000 00:00 0 
7efe74000000-7efe74021000 rw-p 00000000 00:00 0 
7efe74021000-7efe78000000 ---p 00000000 00:00 0 
7efe78000000-7efe7845c000 rw-p 00000000 00:00 0 
7efe7845c000-7efe7c000000 ---p 00000000 00:00 0 
7efe7c000000-7efe7c7b5000 rw-p 00000000 00:00 0 
7efe7c7b5000-7efe80000000 ---p 00000000 00:00 0 
7efe80000000-7efe80886000 rw-p 00000000 00:00 0 
7efe80886000-7efe84000000 ---p 00000000 00:00 0 
7efe84000000-7efe84501000 rw-p 00000000 00:00 0 
7efe84501000-7efe88000000 ---p 00000000 00:00 0 
7efe88000000-7efe88ab9000 rw-p 00000000 00:00 0 
7efe88ab9000-7efe8c000000 ---p 00000000 00:00 0 
7efe8c000000-7efe8c837000 rw-p 00000000 00:00 0 
7efe8c837000-7efe90000000 ---p 00000000 00:00 0 
7efe90000000-7efe90021000 rw-p 00000000 00:00 0 
7efe90021000-7efe94000000 ---p 00000000 00:00 0 
7efe94000000-7efe949e7000 rw-p 00000000 00:00 0 
7efe949e7000-7efe98000000 ---p 00000000 00:00 0 
7efe98000000-7efe98021000 rw-p 00000000 00:00 0 
7efe98021000-7efe9c000000 ---p 00000000 00:00 0 
7efe9c000000-7efe9c021000 rw-p 00000000 00:00 0 
7efe9c021000-7efea0000000 ---p 00000000 00:00 0 
7efea0000000-7efea0021000 rw-p 00000000 00:00 0 
7efea0021000-7efea4000000 ---p 00000000 00:00 0 
7efea4000000-7efea4021000 rw-p 00000000 00:00 0 
7efea4021000-7efea8000000 ---p 00000000 00:00 0 
7efea8000000-7efea8021000 rw-p 00000000 00:00 0 
7efea8021000-7efeac000000 ---p 00000000 00:00 0 
7efeac000000-7efeac021000 rw-p 00000000 00:00 0 
7efeac021000-7efeb0000000 ---p 00000000 00:00 0 
7efeb0000000-7efeb0601000 rw-p 00000000 00:00 0 
7efeb0601000-7efeb4000000 ---p 00000000 00:00 0 
7efeb4000000-7efeb4021000 rw-p 00000000 00:00 0 
7efeb4021000-7efeb8000000 ---p 00000000 00:00 0 
7efeb8000000-7efeb87a8000 rw-p 00000000 00:00 0 
7efeb87a8000-7efebc000000 ---p 00000000 00:00 0 
7efebc000000-7efebc884000 rw-p 00000000 00:00 0 
7efebc884000-7efec0000000 ---p 00000000 00:00 0 
7efec0000000-7efec0938000 rw-p 00000000 00:00 0 
7efec0938000-7efec4000000 ---p 00000000 00:00 0 
7efec4000000-7efec4a66000 rw-p 00000000 00:00 0 
7efec4a66000-7efec8000000 ---p 00000000 00:00 0 
7efec8000000-7efec8834000 rw-p 00000000 00:00 0 
7efec8834000-7efecc000000 ---p 00000000 00:00 0 
7efecc000000-7efecc53f000 rw-p 00000000 00:00 0 
7efecc53f000-7efed0000000 ---p 00000000 00:00 0 
7efed0000000-7efed00e1000 rw-p 00000000 00:00 0 
7efed00e1000-7efed4000000 ---p 00000000 00:00 0 
7efed4000000-7efed40d4000 rw-p 00000000 00:00 0 
7efed40d4000-7efed8000000 ---p 00000000 00:00 0 
7efed8000000-7efed8021000 rw-p 00000000 00:00 0 
7efed8021000-7efedc000000 ---p 00000000 00:00 0 
7efedc000000-7efedc29d000 rw-p 00000000 00:00 0 
7efedc29d000-7efee0000000 ---p 00000000 00:00 0 
7efee0000000-7efee0021000 rw-p 00000000 00:00 0 
7efee0021000-7efee4000000 ---p 00000000 00:00 0 
7efee4000000-7efee4021000 rw-p 00000000 00:00 0 
7efee4021000-7efee8000000 ---p 00000000 00:00 0 
7efee8000000-7efee82dd000 rw-p 00000000 00:00 0 
7efee82dd000-7efeec000000 ---p 00000000 00:00 0 
7efeec000000-7efeec021000 rw-p 00000000 00:00 0 
7efeec021000-7efef0000000 ---p 00000000 00:00 0 
7efef0000000-7efef0021000 rw-p 00000000 00:00 0 
7efef0021000-7efef4000000 ---p 00000000 00:00 0 
7efef4000000-7efef4d21000 rw-p 00000000 00:00 0 
7efef4d21000-7efef8000000 ---p 00000000 00:00 0 
7efef8000000-7efef8021000 rw-p 00000000 00:00 0 
7efef8021000-7efefc000000 ---p 00000000 00:00 0 
7efefc000000-7efefc021000 rw-p 00000000 00:00 0 
7efefc021000-7eff00000000 ---p 00000000 00:00 0 
7eff00000000-7eff00021000 rw-p 00000000 00:00 0 
7eff00021000-7eff04000000 ---p 00000000 00:00 0 
7eff04000000-7eff04021000 rw-p 00000000 00:00 0 
7eff04021000-7eff08000000 ---p 00000000 00:00 0 
7eff08000000-7eff08021000 rw-p 00000000 00:00 0 
7eff08021000-7eff0c000000 ---p 00000000 00:00 0 
7eff0c000000-7eff0c800000 rw-p 00000000 00:00 0 
7eff0c804000-7eff0c808000 r--p 00000000 08:20 12673                      /usr/lib/x86_64-linux-gnu/libbsd.so.0.12.1
7eff0c808000-7eff0c814000 r-xp 00004000 08:20 12673                      /usr/lib/x86_64-linux-gnu/libbsd.so.0.12.1
7eff0c814000-7eff0c817000 r--p 00010000 08:20 12673                      /usr/lib/x86_64-linux-gnu/libbsd.so.0.12.1
7eff0c817000-7eff0c818000 r--p 00012000 08:20 12673                      /usr/lib/x86_64-linux-gnu/libbsd.so.0.12.1
7eff0c818000-7eff0c819000 rw-p 00013000 08:20 12673                      /usr/lib/x86_64-linux-gnu/libbsd.so.0.12.1
7eff0c819000-7eff0c81a000 rw-p 00000000 00:00 0 
7eff0c81a000-7eff0c81c000 r--p 00000000 08:20 12612                      /usr/lib/x86_64-linux-gnu/libXdmcp.so.6.0.0
7eff0c81c000-7eff0c81e000 r-xp 00002000 08:20 12612                      /usr/lib/x86_64-linux-gnu/libXdmcp.so.6.0.0
7eff0c81e000-7eff0c820000 r--p 00004000 08:20 12612                      /usr/lib/x86_64-linux-gnu/libXdmcp.so.6.0.0
7eff0c820000-7eff0c821000 r--p 00005000 08:20 12612                      /usr/lib/x86_64-linux-gnu/libXdmcp.so.6.0.0
7eff0c821000-7eff0c822000 rw-p 00006000 08:20 12612                      /usr/lib/x86_64-linux-gnu/libXdmcp.so.6.0.0
7eff0c822000-7eff0c83b000 r--p 00000000 08:20 12602                      /usr/lib/x86_64-linux-gnu/libX11.so.6.4.0
7eff0c83b000-7eff0c8cb000 r-xp 00019000 08:20 12602                      /usr/lib/x86_64-linux-gnu/libX11.so.6.4.0
7eff0c8cb000-7eff0c95a000 r--p 000a9000 08:20 12602                      /usr/lib/x86_64-linux-gnu/libX11.so.6.4.0
7eff0c95a000-7eff0c95b000 r--p 00138000 08:20 12602                      /usr/lib/x86_64-linux-gnu/libX11.so.6.4.0
7eff0c95b000-7eff0c95f000 rw-p 00139000 08:20 12602                      /usr/lib/x86_64-linux-gnu/libX11.so.6.4.0
7eff0c95f000-7eff0c96d000 r--p 00000000 08:20 19346                      /tmp/lwjgl_hermelin/3.3.2+13/x64/libglfw.so
7eff0c96d000-7eff0c98b000 r-xp 0000e000 08:20 19346                      /tmp/lwjgl_hermelin/3.3.2+13/x64/libglfw.so
7eff0c98b000-7eff0c9be000 r--p 0002c000 08:20 19346                      /tmp/lwjgl_hermelin/3.3.2+13/x64/libglfw.so
7eff0c9be000-7eff0c9bf000 ---p 0005f000 08:20 19346                      /tmp/lwjgl_hermelin/3.3.2+13/x64/libglfw.so
7eff0c9bf000-7eff0c9c2000 r--p 0005f000 08:20 19346                      /tmp/lwjgl_hermelin/3.3.2+13/x64/libglfw.so
7eff0c9c2000-7eff0c9c5000 rw-p 00062000 08:20 19346                      /tmp/lwjgl_hermelin/3.3.2+13/x64/libglfw.so
7eff0c9c5000-7eff0c9e8000 rw-p 00000000 00:00 0 
7eff0c9e8000-7eff0c9f0000 r--p 00000000 08:20 19249                      /tmp/lwjgl_hermelin/3.3.2+13/x64/libjemalloc.so
7eff0c9f0000-7eff0ca45000 r-xp 00008000 08:20 19249                      /tmp/lwjgl_hermelin/3.3.2+13/x64/libjemalloc.so
7eff0ca45000-7eff0ca55000 r--p 0005d000 08:20 19249                      /tmp/lwjgl_hermelin/3.3.2+13/x64/libjemalloc.so
7eff0ca55000-7eff0ca56000 ---p 0006d000 08:20 19249                      /tmp/lwjgl_hermelin/3.3.2+13/x64/libjemalloc.so
7eff0ca56000-7eff0ca5c000 r--p 0006d000 08:20 19249                      /tmp/lwjgl_hermelin/3.3.2+13/x64/libjemalloc.so
7eff0ca5c000-7eff0ca5d000 rw-p 00073000 08:20 19249                      /tmp/lwjgl_hermelin/3.3.2+13/x64/libjemalloc.so
7eff0ca5d000-7eff0cc67000 rw-p 00000000 00:00 0 
7eff0cc67000-7eff0cc90000 r--p 00000000 08:20 18974                      /tmp/lwjgl_hermelin/3.3.2+13/x64/liblwjgl.so
7eff0cc90000-7eff0ccc1000 r-xp 00029000 08:20 18974                      /tmp/lwjgl_hermelin/3.3.2+13/x64/liblwjgl.so
7eff0ccc1000-7eff0ccda000 r--p 0005a000 08:20 18974                      /tmp/lwjgl_hermelin/3.3.2+13/x64/liblwjgl.so
7eff0ccda000-7eff0ccdb000 r--p 00072000 08:20 18974                      /tmp/lwjgl_hermelin/3.3.2+13/x64/liblwjgl.so
7eff0ccdb000-7eff0ccdc000 rw-p 00073000 08:20 18974                      /tmp/lwjgl_hermelin/3.3.2+13/x64/liblwjgl.so
7eff0ccdc000-7eff0cce0000 ---p 00000000 00:00 0 
7eff0cce0000-7eff0cddc000 rw-p 00000000 00:00 0 
7eff0cedc000-7eff0cedd000 ---p 00000000 00:00 0 
7eff0cedd000-7eff0cfde000 rw-p 00000000 00:00 0 
7eff0cfde000-7eff0cfdf000 ---p 00000000 00:00 0 
7eff0cfdf000-7eff0d0e0000 rw-p 00000000 00:00 0 
7eff0d0e0000-7eff0d0e1000 ---p 00000000 00:00 0 
7eff0d0e1000-7eff0d1e2000 rw-p 00000000 00:00 0 
7eff0d1e2000-7eff0d1e3000 ---p 00000000 00:00 0 
7eff0d1e3000-7eff0d2e4000 rw-p 00000000 00:00 0 
7eff0d2e4000-7eff0d2e5000 ---p 00000000 00:00 0 
7eff0d2e5000-7eff0d3e6000 rw-p 00000000 00:00 0 
7eff0d3e6000-7eff0d3e7000 ---p 00000000 00:00 0 
7eff0d3e7000-7eff0d4e8000 rw-p 00000000 00:00 0 
7eff0d4e8000-7eff0d4e9000 ---p 00000000 00:00 0 
7eff0d4e9000-7eff0d5ea000 rw-p 00000000 00:00 0 
7eff0d5ea000-7eff0d5eb000 ---p 00000000 00:00 0 
7eff0d5eb000-7eff0d6ec000 rw-p 00000000 00:00 0 
7eff0d6ec000-7eff0d6ed000 ---p 00000000 00:00 0 
7eff0d6ed000-7eff0d7ee000 rw-p 00000000 00:00 0 
7eff0d7ee000-7eff0d7ef000 ---p 00000000 00:00 0 
7eff0d7ef000-7eff0d8f0000 rw-p 00000000 00:00 0 
7eff0d8f0000-7eff0d8f1000 ---p 00000000 00:00 0 
7eff0d8f1000-7eff0d9f2000 rw-p 00000000 00:00 0 
7eff0d9f2000-7eff0d9f3000 ---p 00000000 00:00 0 
7eff0d9f3000-7eff0daf4000 rw-p 00000000 00:00 0 
7eff0daf4000-7eff0daf5000 ---p 00000000 00:00 0 
7eff0daf5000-7eff0dbf6000 rw-p 00000000 00:00 0 
7eff0dbf6000-7eff0dbf7000 ---p 00000000 00:00 0 
7eff0dbf7000-7eff0dcf8000 rw-p 00000000 00:00 0 
7eff0dcf8000-7eff0dcf9000 ---p 00000000 00:00 0 
7eff0dcf9000-7eff0ddfa000 rw-p 00000000 00:00 0 
7eff0ddfa000-7eff0ddfb000 ---p 00000000 00:00 0 
7eff0ddfb000-7eff0defc000 rw-p 00000000 00:00 0 
7eff0defc000-7eff0defd000 ---p 00000000 00:00 0 
7eff0defd000-7eff0dffe000 rw-p 00000000 00:00 0 
7eff0dffe000-7eff0e002000 ---p 00000000 00:00 0 
7eff0e002000-7eff0e0fe000 rw-p 00000000 00:00 0 
7eff0e0fe000-7eff0e102000 ---p 00000000 00:00 0 
7eff0e102000-7eff0e1fe000 rw-p 00000000 00:00 0 
7eff0e1fe000-7eff0e202000 ---p 00000000 00:00 0 
7eff0e202000-7eff0e2fe000 rw-p 00000000 00:00 0 
7eff0e2fe000-7eff0e302000 ---p 00000000 00:00 0 
7eff0e302000-7eff0e3fe000 rw-p 00000000 00:00 0 
7eff0e3fe000-7eff0e402000 ---p 00000000 00:00 0 
7eff0e402000-7eff0e4fe000 rw-p 00000000 00:00 0 
7eff0e4fe000-7eff0e502000 ---p 00000000 00:00 0 
7eff0e502000-7eff0e5fe000 rw-p 00000000 00:00 0 
7eff0e5fe000-7eff0e602000 ---p 00000000 00:00 0 
7eff0e602000-7eff0e6fe000 rw-p 00000000 00:00 0 
7eff0e6fe000-7eff0e702000 ---p 00000000 00:00 0 
7eff0e702000-7eff0e7fe000 rw-p 00000000 00:00 0 
7eff0e7fe000-7eff0e802000 ---p 00000000 00:00 0 
7eff0e802000-7eff0e8fe000 rw-p 00000000 00:00 0 
7eff0e8fe000-7eff0e902000 ---p 00000000 00:00 0 
7eff0e902000-7eff0e9fe000 rw-p 00000000 00:00 0 
7eff0e9fe000-7eff0ea02000 ---p 00000000 00:00 0 
7eff0ea02000-7eff0eafe000 rw-p 00000000 00:00 0 
7eff0eafe000-7eff0eaff000 ---p 00000000 00:00 0 
7eff0eaff000-7eff0ec00000 rw-p 00000000 00:00 0 
7eff0ec00000-7eff0ec04000 ---p 00000000 00:00 0 
7eff0ec04000-7eff0ed00000 rw-p 00000000 00:00 0 
7eff0ed00000-7eff0ed04000 ---p 00000000 00:00 0 
7eff0ed04000-7eff0ee00000 rw-p 00000000 00:00 0 
7eff0ee00000-7eff0ee04000 ---p 00000000 00:00 0 
7eff0ee04000-7eff0ef00000 rw-p 00000000 00:00 0 
7eff0ef00000-7eff0ef04000 ---p 00000000 00:00 0 
7eff0ef04000-7eff0f000000 rw-p 00000000 00:00 0 
7eff0f000000-7eff0fbeb000 rw-p 00001000 08:20 127581                     /home/hermelin/.sdkman/candidates/java/17.0.8-tem/lib/server/classes.jsa
7eff0fbeb000-7eff10000000 ---p 00000000 00:00 0 
7eff10000000-7eff10040000 rw-p 00000000 00:00 0 
7eff10040000-7eff10080000 rw-p 00000000 00:00 0 
7eff10080000-7eff101c0000 rw-p 00000000 00:00 0 
7eff101c0000-7eff10200000 rw-p 00000000 00:00 0 
7eff10200000-7eff10380000 rw-p 00000000 00:00 0 
7eff10380000-7eff50000000 ---p 00000000 00:00 0 
7eff50000000-7eff50021000 rw-p 00000000 00:00 0 
7eff50021000-7eff54000000 ---p 00000000 00:00 0 
7eff54000000-7eff54400000 rw-p 00000000 00:00 0 
7eff54400000-7eff55500000 rw-p 00000000 00:00 0 
7eff55500000-7eff55600000 rw-p 00000000 00:00 0 
7eff55600000-7eff55a00000 rw-p 00000000 00:00 0 
7eff55a00000-7eff55b80000 rw-p 00000000 00:00 0 
7eff55b80000-7eff55c00000 rw-p 00000000 00:00 0 
7eff55c00000-7eff55c90000 rw-p 00000000 00:00 0 
7eff55c90000-7eff55d00000 ---p 00000000 00:00 0 
7eff55d00000-7eff55d90000 rw-p 00000000 00:00 0 
7eff55d90000-7eff58000000 ---p 00000000 00:00 0 
7eff58000000-7eff58021000 rw-p 00000000 00:00 0 
7eff58021000-7eff5c000000 ---p 00000000 00:00 0 
7eff5c000000-7eff5c021000 rw-p 00000000 00:00 0 
7eff5c021000-7eff60000000 ---p 00000000 00:00 0 
7eff60000000-7eff60021000 rw-p 00000000 00:00 0 
7eff60021000-7eff64000000 ---p 00000000 00:00 0 
7eff64006000-7eff64011000 r--p 00000000 08:20 13070                      /usr/lib/x86_64-linux-gnu/libxcb.so.1.1.0
7eff64011000-7eff64024000 r-xp 0000b000 08:20 13070                      /usr/lib/x86_64-linux-gnu/libxcb.so.1.1.0
7eff64024000-7eff6402d000 r--p 0001e000 08:20 13070                      /usr/lib/x86_64-linux-gnu/libxcb.so.1.1.0
7eff6402d000-7eff6402e000 r--p 00026000 08:20 13070                      /usr/lib/x86_64-linux-gnu/libxcb.so.1.1.0
7eff6402e000-7eff6402f000 rw-p 00027000 08:20 13070                      /usr/lib/x86_64-linux-gnu/libxcb.so.1.1.0
7eff64037000-7eff6403b000 ---p 00000000 00:00 0 
7eff6403b000-7eff64137000 rw-p 00000000 00:00 0 
7eff64137000-7eff6413b000 ---p 00000000 00:00 0 
7eff6413b000-7eff64237000 rw-p 00000000 00:00 0 
7eff64237000-7eff6423b000 ---p 00000000 00:00 0 
7eff6423b000-7eff64337000 rw-p 00000000 00:00 0 
7eff64337000-7eff64390000 r--p 00000000 08:20 12172                      /usr/lib/locale/C.utf8/LC_CTYPE
7eff64390000-7eff64394000 ---p 00000000 00:00 0 
7eff64394000-7eff64490000 rw-p 00000000 00:00 0 
7eff64490000-7eff64494000 ---p 00000000 00:00 0 
7eff64494000-7eff64590000 rw-p 00000000 00:00 0 
7eff64590000-7eff64591000 ---p 00000000 00:00 0 
7eff64591000-7eff64692000 rw-p 00000000 00:00 0 
7eff64692000-7eff64697000 r--p 00000000 08:20 127722                     /home/hermelin/.sdkman/candidates/java/17.0.8-tem/lib/libjsvml.so
7eff64697000-7eff646d8000 r-xp 00005000 08:20 127722                     /home/hermelin/.sdkman/candidates/java/17.0.8-tem/lib/libjsvml.so
7eff646d8000-7eff64761000 r--p 00046000 08:20 127722                     /home/hermelin/.sdkman/candidates/java/17.0.8-tem/lib/libjsvml.so
7eff64761000-7eff64762000 r--p 000ce000 08:20 127722                     /home/hermelin/.sdkman/candidates/java/17.0.8-tem/lib/libjsvml.so
7eff64762000-7eff64763000 rw-p 000cf000 08:20 127722                     /home/hermelin/.sdkman/candidates/java/17.0.8-tem/lib/libjsvml.so
7eff64763000-7eff647e4000 rw-p 00000000 00:00 0 
7eff647e4000-7eff647e5000 ---p 00000000 00:00 0 
7eff647e5000-7eff648e6000 rw-p 00000000 00:00 0 
7eff648e6000-7eff648e7000 ---p 00000000 00:00 0 
7eff648e7000-7eff67dfc000 rw-p 00000000 00:00 0 
7eff67dfc000-7eff67dfd000 ---p 00000000 00:00 0 
7eff67dfd000-7eff67efe000 rw-p 00000000 00:00 0 
7eff67efe000-7eff67eff000 ---p 00000000 00:00 0 
7eff67eff000-7eff6802e000 rw-p 00000000 00:00 0 
7eff6802e000-7eff6c000000 ---p 00000000 00:00 0 
7eff6c001000-7eff6c005000 r--p 00000000 08:20 127427                     /home/hermelin/.sdkman/candidates/java/17.0.8-tem/lib/libverify.so
7eff6c005000-7eff6c00c000 r-xp 00004000 08:20 127427                     /home/hermelin/.sdkman/candidates/java/17.0.8-tem/lib/libverify.so
7eff6c00c000-7eff6c00e000 r--p 0000b000 08:20 127427                     /home/hermelin/.sdkman/candidates/java/17.0.8-tem/lib/libverify.so
7eff6c00e000-7eff6c010000 r--p 0000c000 08:20 127427                     /home/hermelin/.sdkman/candidates/java/17.0.8-tem/lib/libverify.so
7eff6c010000-7eff6c011000 rw-p 0000e000 08:20 127427                     /home/hermelin/.sdkman/candidates/java/17.0.8-tem/lib/libverify.so
7eff6c011000-7eff6c06c000 rw-p 00000000 00:00 0 
7eff6c06c000-7eff6c06d000 ---p 00000000 00:00 0 
7eff6c06d000-7eff6c25e000 rw-p 00000000 00:00 0 
7eff6c25e000-7eff6c306000 ---p 00000000 00:00 0 
7eff6c306000-7eff6c33e000 rw-p 00000000 00:00 0 
7eff6c33e000-7eff6c546000 ---p 00000000 00:00 0 
7eff6c546000-7eff6c54e000 rw-p 00000000 00:00 0 
7eff6c54e000-7eff6ff3e000 ---p 00000000 00:00 0 
7eff6ff3e000-7eff7003e000 rw-p 00000000 00:00 0 
7eff7003e000-7eff700e6000 ---p 00000000 00:00 0 
7eff700e6000-7eff7011e000 rw-p 00000000 00:00 0 
7eff7011e000-7eff70326000 ---p 00000000 00:00 0 
7eff70326000-7eff7032e000 rw-p 00000000 00:00 0 
7eff7032e000-7eff73d1e000 ---p 00000000 00:00 0 
7eff73d1e000-7eff73d4c000 rw-p 00000000 00:00 0 
7eff73d4c000-7eff73d61000 ---p 00000000 00:00 0 
7eff73d61000-7eff73d68000 rw-p 00000000 00:00 0 
7eff73d68000-7eff73da9000 ---p 00000000 00:00 0 
7eff73da9000-7eff73daa000 rw-p 00000000 00:00 0 
7eff73daa000-7eff744e8000 ---p 00000000 00:00 0 
7eff744e8000-7eff74508000 rw-p 00000000 00:00 0 
7eff74508000-7eff7451d000 ---p 00000000 00:00 0 
7eff7451d000-7eff74524000 rw-p 00000000 00:00 0 
7eff74524000-7eff74565000 ---p 00000000 00:00 0 
7eff74565000-7eff74566000 rw-p 00000000 00:00 0 
7eff74566000-7eff74ca4000 ---p 00000000 00:00 0 
7eff74ca4000-7eff74cc4000 rw-p 00000000 00:00 0 
7eff74cc4000-7eff74cd9000 ---p 00000000 00:00 0 
7eff74cd9000-7eff74ce0000 rw-p 00000000 00:00 0 
7eff74ce0000-7eff74d21000 ---p 00000000 00:00 0 
7eff74d21000-7eff74d22000 rw-p 00000000 00:00 0 
7eff74d22000-7eff75460000 ---p 00000000 00:00 0 
7eff75460000-7eff75462000 rw-p 00000000 00:00 0 
7eff75462000-7eff761c2000 rwxp 00000000 00:00 0 
7eff761c2000-7eff7c8c1000 ---p 00000000 00:00 0 
7eff7c8c1000-7eff7cc21000 rwxp 00000000 00:00 0 
7eff7cc21000-7eff7d002000 ---p 00000000 00:00 0 
7eff7d002000-7eff7d362000 rwxp 00000000 00:00 0 
7eff7d362000-7eff84462000 ---p 00000000 00:00 0 
7eff84462000-7eff8c000000 r--s 00000000 08:20 127743                     /home/hermelin/.sdkman/candidates/java/17.0.8-tem/lib/modules
7eff8c000000-7eff8d274000 rw-p 00000000 00:00 0 
7eff8d274000-7eff90000000 ---p 00000000 00:00 0 
7eff90000000-7eff90031000 rw-p 00000000 00:00 0 
7eff90031000-7eff90035000 r--p 00000000 08:20 127721                     /home/hermelin/.sdkman/candidates/java/17.0.8-tem/lib/libnet.so
7eff90035000-7eff90043000 r-xp 00004000 08:20 127721                     /home/hermelin/.sdkman/candidates/java/17.0.8-tem/lib/libnet.so
7eff90043000-7eff90047000 r--p 00012000 08:20 127721                     /home/hermelin/.sdkman/candidates/java/17.0.8-tem/lib/libnet.so
7eff90047000-7eff90048000 r--p 00015000 08:20 127721                     /home/hermelin/.sdkman/candidates/java/17.0.8-tem/lib/libnet.so
7eff90048000-7eff90049000 rw-p 00016000 08:20 127721                     /home/hermelin/.sdkman/candidates/java/17.0.8-tem/lib/libnet.so
7eff90049000-7eff9008a000 rw-p 00000000 00:00 0 
7eff9008b000-7eff9008c000 r--p 00000000 08:20 12604                      /usr/lib/x86_64-linux-gnu/libXau.so.6.0.0
7eff9008c000-7eff9008e000 r-xp 00001000 08:20 12604                      /usr/lib/x86_64-linux-gnu/libXau.so.6.0.0
7eff9008e000-7eff9008f000 r--p 00003000 08:20 12604                      /usr/lib/x86_64-linux-gnu/libXau.so.6.0.0
7eff9008f000-7eff90090000 r--p 00003000 08:20 12604                      /usr/lib/x86_64-linux-gnu/libXau.so.6.0.0
7eff90090000-7eff90091000 rw-p 00004000 08:20 12604                      /usr/lib/x86_64-linux-gnu/libXau.so.6.0.0
7eff90091000-7eff90092000 rw-p 00000000 00:00 0 
7eff90092000-7eff90093000 r-xp 00058000 08:20 18974                      /tmp/lwjgl_hermelin/3.3.2+13/x64/liblwjgl.so
7eff90093000-7eff90094000 rw-p 00000000 00:00 0 
7eff90094000-7eff90096000 r--p 00000000 08:20 127745                     /home/hermelin/.sdkman/candidates/java/17.0.8-tem/lib/libzip.so
7eff90096000-7eff9009a000 r-xp 00002000 08:20 127745                     /home/hermelin/.sdkman/candidates/java/17.0.8-tem/lib/libzip.so
7eff9009a000-7eff9009c000 r--p 00006000 08:20 127745                     /home/hermelin/.sdkman/candidates/java/17.0.8-tem/lib/libzip.so
7eff9009c000-7eff9009d000 r--p 00007000 08:20 127745                     /home/hermelin/.sdkman/candidates/java/17.0.8-tem/lib/libzip.so
7eff9009d000-7eff9009e000 rw-p 00008000 08:20 127745                     /home/hermelin/.sdkman/candidates/java/17.0.8-tem/lib/libzip.so
7eff9009e000-7eff900a5000 r--p 00000000 08:20 127727                     /home/hermelin/.sdkman/candidates/java/17.0.8-tem/lib/libnio.so
7eff900a5000-7eff900ae000 r-xp 00007000 08:20 127727                     /home/hermelin/.sdkman/candidates/java/17.0.8-tem/lib/libnio.so
7eff900ae000-7eff900b2000 r--p 00010000 08:20 127727                     /home/hermelin/.sdkman/candidates/java/17.0.8-tem/lib/libnio.so
7eff900b2000-7eff900b3000 ---p 00014000 08:20 127727                     /home/hermelin/.sdkman/candidates/java/17.0.8-tem/lib/libnio.so
7eff900b3000-7eff900b4000 r--p 00014000 08:20 127727                     /home/hermelin/.sdkman/candidates/java/17.0.8-tem/lib/libnio.so
7eff900b4000-7eff900b5000 rw-p 00015000 08:20 127727                     /home/hermelin/.sdkman/candidates/java/17.0.8-tem/lib/libnio.so
7eff900b5000-7eff900b6000 r--p 00000000 08:20 12178                      /usr/lib/locale/C.utf8/LC_NUMERIC
7eff900b6000-7eff900b7000 r--p 00000000 08:20 12181                      /usr/lib/locale/C.utf8/LC_TIME
7eff900b7000-7eff900b8000 r--p 00000000 08:20 12171                      /usr/lib/locale/C.utf8/LC_COLLATE
7eff900b8000-7eff900b9000 r--p 00000000 08:20 12176                      /usr/lib/locale/C.utf8/LC_MONETARY
7eff900b9000-7eff900ba000 r--p 00000000 08:20 12175                      /usr/lib/locale/C.utf8/LC_MESSAGES/SYS_LC_MESSAGES
7eff900ba000-7eff900bb000 r--p 00000000 08:20 12179                      /usr/lib/locale/C.utf8/LC_PAPER
7eff900bb000-7eff900c2000 r--s 00000000 08:20 53414                      /usr/lib/x86_64-linux-gnu/gconv/gconv-modules.cache
7eff900c2000-7eff91617000 rw-p 00000000 00:00 0 
7eff91617000-7eff916f9000 ---p 00000000 00:00 0 
7eff916f9000-7eff91714000 rw-p 00000000 00:00 0 
7eff91714000-7eff917e2000 ---p 00000000 00:00 0 
7eff917e2000-7eff917e9000 rw-p 00000000 00:00 0 
7eff917e9000-7eff917f1000 ---p 00000000 00:00 0 
7eff917f1000-7eff917fe000 r--p 00000000 08:20 127747                     /home/hermelin/.sdkman/candidates/java/17.0.8-tem/lib/libjava.so
7eff917fe000-7eff91810000 r-xp 0000d000 08:20 127747                     /home/hermelin/.sdkman/candidates/java/17.0.8-tem/lib/libjava.so
7eff91810000-7eff91816000 r--p 0001f000 08:20 127747                     /home/hermelin/.sdkman/candidates/java/17.0.8-tem/lib/libjava.so
7eff91816000-7eff91817000 ---p 00025000 08:20 127747                     /home/hermelin/.sdkman/candidates/java/17.0.8-tem/lib/libjava.so
7eff91817000-7eff91818000 r--p 00025000 08:20 127747                     /home/hermelin/.sdkman/candidates/java/17.0.8-tem/lib/libjava.so
7eff91818000-7eff91819000 rw-p 00026000 08:20 127747                     /home/hermelin/.sdkman/candidates/java/17.0.8-tem/lib/libjava.so
7eff91819000-7eff9181a000 rw-p 00000000 00:00 0 
7eff9181a000-7eff91822000 rw-s 00000000 08:20 3325                       /tmp/hsperfdata_hermelin/17722
7eff91822000-7eff91826000 r--p 00000000 08:20 127723                     /home/hermelin/.sdkman/candidates/java/17.0.8-tem/lib/libjimage.so
7eff91826000-7eff91839000 r-xp 00004000 08:20 127723                     /home/hermelin/.sdkman/candidates/java/17.0.8-tem/lib/libjimage.so
7eff91839000-7eff9183f000 r--p 00017000 08:20 127723                     /home/hermelin/.sdkman/candidates/java/17.0.8-tem/lib/libjimage.so
7eff9183f000-7eff91841000 r--p 0001c000 08:20 127723                     /home/hermelin/.sdkman/candidates/java/17.0.8-tem/lib/libjimage.so
7eff91841000-7eff91842000 rw-p 0001e000 08:20 127723                     /home/hermelin/.sdkman/candidates/java/17.0.8-tem/lib/libjimage.so
7eff91842000-7eff91846000 ---p 00000000 00:00 0 
7eff91846000-7eff91942000 rw-p 00000000 00:00 0 
7eff91942000-7eff91952000 r--p 00000000 08:20 53428                      /usr/lib/x86_64-linux-gnu/libm.so.6
7eff91952000-7eff919d1000 r-xp 00010000 08:20 53428                      /usr/lib/x86_64-linux-gnu/libm.so.6
7eff919d1000-7eff91a29000 r--p 0008f000 08:20 53428                      /usr/lib/x86_64-linux-gnu/libm.so.6
7eff91a29000-7eff91a2a000 r--p 000e7000 08:20 53428                      /usr/lib/x86_64-linux-gnu/libm.so.6
7eff91a2a000-7eff91a2b000 rw-p 000e8000 08:20 53428                      /usr/lib/x86_64-linux-gnu/libm.so.6
7eff91a2b000-7eff91a2c000 r--p 00000000 08:20 53439                      /usr/lib/x86_64-linux-gnu/librt.so.1
7eff91a2c000-7eff91a2d000 r-xp 00001000 08:20 53439                      /usr/lib/x86_64-linux-gnu/librt.so.1
7eff91a2d000-7eff91a2e000 r--p 00002000 08:20 53439                      /usr/lib/x86_64-linux-gnu/librt.so.1
7eff91a2e000-7eff91a2f000 r--p 00002000 08:20 53439                      /usr/lib/x86_64-linux-gnu/librt.so.1
7eff91a2f000-7eff91a30000 rw-p 00003000 08:20 53439                      /usr/lib/x86_64-linux-gnu/librt.so.1
7eff91a30000-7eff91c83000 r--p 00000000 08:20 127583                     /home/hermelin/.sdkman/candidates/java/17.0.8-tem/lib/server/libjvm.so
7eff91c83000-7eff929a5000 r-xp 00253000 08:20 127583                     /home/hermelin/.sdkman/candidates/java/17.0.8-tem/lib/server/libjvm.so
7eff929a5000-7eff92c32000 r--p 00f75000 08:20 127583                     /home/hermelin/.sdkman/candidates/java/17.0.8-tem/lib/server/libjvm.so
7eff92c32000-7eff92ceb000 r--p 01201000 08:20 127583                     /home/hermelin/.sdkman/candidates/java/17.0.8-tem/lib/server/libjvm.so
7eff92ceb000-7eff92d20000 rw-p 012ba000 08:20 127583                     /home/hermelin/.sdkman/candidates/java/17.0.8-tem/lib/server/libjvm.so
7eff92d20000-7eff92d7e000 rw-p 00000000 00:00 0 
7eff92d7e000-7eff92da6000 r--p 00000000 08:20 53425                      /usr/lib/x86_64-linux-gnu/libc.so.6
7eff92da6000-7eff92f2e000 r-xp 00028000 08:20 53425                      /usr/lib/x86_64-linux-gnu/libc.so.6
7eff92f2e000-7eff92f7d000 r--p 001b0000 08:20 53425                      /usr/lib/x86_64-linux-gnu/libc.so.6
7eff92f7d000-7eff92f81000 r--p 001fe000 08:20 53425                      /usr/lib/x86_64-linux-gnu/libc.so.6
7eff92f81000-7eff92f83000 rw-p 00202000 08:20 53425                      /usr/lib/x86_64-linux-gnu/libc.so.6
7eff92f83000-7eff92f90000 rw-p 00000000 00:00 0 
7eff92f90000-7eff92f91000 r--p 00000000 08:20 53427                      /usr/lib/x86_64-linux-gnu/libdl.so.2
7eff92f91000-7eff92f92000 r-xp 00001000 08:20 53427                      /usr/lib/x86_64-linux-gnu/libdl.so.2
7eff92f92000-7eff92f93000 r--p 00002000 08:20 53427                      /usr/lib/x86_64-linux-gnu/libdl.so.2
7eff92f93000-7eff92f94000 r--p 00002000 08:20 53427                      /usr/lib/x86_64-linux-gnu/libdl.so.2
7eff92f94000-7eff92f95000 rw-p 00003000 08:20 53427                      /usr/lib/x86_64-linux-gnu/libdl.so.2
7eff92f95000-7eff92f96000 r--p 00000000 08:20 53437                      /usr/lib/x86_64-linux-gnu/libpthread.so.0
7eff92f96000-7eff92f97000 r-xp 00001000 08:20 53437                      /usr/lib/x86_64-linux-gnu/libpthread.so.0
7eff92f97000-7eff92f98000 r--p 00002000 08:20 53437                      /usr/lib/x86_64-linux-gnu/libpthread.so.0
7eff92f98000-7eff92f99000 r--p 00002000 08:20 53437                      /usr/lib/x86_64-linux-gnu/libpthread.so.0
7eff92f99000-7eff92f9a000 rw-p 00003000 08:20 53437                      /usr/lib/x86_64-linux-gnu/libpthread.so.0
7eff92f9a000-7eff92f9d000 r--p 00000000 08:20 127740                     /home/hermelin/.sdkman/candidates/java/17.0.8-tem/lib/libjli.so
7eff92f9d000-7eff92fa7000 r-xp 00003000 08:20 127740                     /home/hermelin/.sdkman/candidates/java/17.0.8-tem/lib/libjli.so
7eff92fa7000-7eff92faa000 r--p 0000d000 08:20 127740                     /home/hermelin/.sdkman/candidates/java/17.0.8-tem/lib/libjli.so
7eff92faa000-7eff92fab000 ---p 00010000 08:20 127740                     /home/hermelin/.sdkman/candidates/java/17.0.8-tem/lib/libjli.so
7eff92fab000-7eff92fac000 r--p 00010000 08:20 127740                     /home/hermelin/.sdkman/candidates/java/17.0.8-tem/lib/libjli.so
7eff92fac000-7eff92fad000 rw-p 00011000 08:20 127740                     /home/hermelin/.sdkman/candidates/java/17.0.8-tem/lib/libjli.so
7eff92fad000-7eff92faf000 r--p 00000000 08:20 13086                      /usr/lib/x86_64-linux-gnu/libz.so.1.3
7eff92faf000-7eff92fc1000 r-xp 00002000 08:20 13086                      /usr/lib/x86_64-linux-gnu/libz.so.1.3
7eff92fc1000-7eff92fc7000 r--p 00014000 08:20 13086                      /usr/lib/x86_64-linux-gnu/libz.so.1.3
7eff92fc7000-7eff92fc8000 r--p 0001a000 08:20 13086                      /usr/lib/x86_64-linux-gnu/libz.so.1.3
7eff92fc8000-7eff92fc9000 rw-p 0001b000 08:20 13086                      /usr/lib/x86_64-linux-gnu/libz.so.1.3
7eff92fc9000-7eff92fca000 r--p 00000000 08:20 12177                      /usr/lib/locale/C.utf8/LC_NAME
7eff92fca000-7eff92fcb000 r--p 00000000 08:20 12170                      /usr/lib/locale/C.utf8/LC_ADDRESS
7eff92fcb000-7eff92fcc000 r--p 00000000 08:20 12180                      /usr/lib/locale/C.utf8/LC_TELEPHONE
7eff92fcc000-7eff92fcd000 r--p 00000000 08:20 12174                      /usr/lib/locale/C.utf8/LC_MEASUREMENT
7eff92fcd000-7eff92fce000 r--p 00000000 08:20 12173                      /usr/lib/locale/C.utf8/LC_IDENTIFICATION
7eff92fce000-7eff92fcf000 ---p 00000000 00:00 0 
7eff92fcf000-7eff92fd0000 r--p 00000000 00:00 0 
7eff92fd0000-7eff92fd1000 ---p 00000000 00:00 0 
7eff92fd1000-7eff92fd3000 rw-p 00000000 00:00 0 
7eff92fd3000-7eff92fd4000 r--p 00000000 08:20 53422                      /usr/lib/x86_64-linux-gnu/ld-linux-x86-64.so.2
7eff92fd4000-7eff92fff000 r-xp 00001000 08:20 53422                      /usr/lib/x86_64-linux-gnu/ld-linux-x86-64.so.2
7eff92fff000-7eff93009000 r--p 0002c000 08:20 53422                      /usr/lib/x86_64-linux-gnu/ld-linux-x86-64.so.2
7eff93009000-7eff9300b000 r--p 00036000 08:20 53422                      /usr/lib/x86_64-linux-gnu/ld-linux-x86-64.so.2
7eff9300b000-7eff9300d000 rw-p 00038000 08:20 53422                      /usr/lib/x86_64-linux-gnu/ld-linux-x86-64.so.2
7fffcffbc000-7fffcffde000 rw-p 00000000 00:00 0                          [stack]
7fffcfff8000-7fffcfffc000 r--p 00000000 00:00 0                          [vvar]
7fffcfffc000-7fffcfffe000 r-xp 00000000 00:00 0                          [vdso]


VM Arguments:
jvm_args: -Djansi.mode=force -Dclassworlds.conf=/usr/share/maven/bin/m2.conf -Dmaven.home=/usr/share/maven -Dlibrary.jansi.path=/usr/share/maven/lib/jansi-native -Dmaven.multiModuleProjectDirectory=/mnt/c/Users/herme/Project/SolarSystemRepresentation 
java_command: org.codehaus.plexus.classworlds.launcher.Launcher clean compile exec:java -Dexec.mainClass=fr.univtln.hermelin.MasterMI1.SolarSystemRepresentation.Main
java_class_path (initial): /usr/share/maven/boot/plexus-classworlds-2.x.jar
Launcher Type: SUN_STANDARD

[Global flags]
     intx CICompilerCount                          = 12                                        {product} {ergonomic}
     uint ConcGCThreads                            = 5                                         {product} {ergonomic}
     uint G1ConcRefinementThreads                  = 20                                        {product} {ergonomic}
   size_t G1HeapRegionSize                         = 2097152                                   {product} {ergonomic}
    uintx GCDrainStackTargetSize                   = 64                                        {product} {ergonomic}
   size_t InitialHeapSize                          = 260046848                                 {product} {ergonomic}
   size_t MarkStackSize                            = 4194304                                   {product} {ergonomic}
   size_t MaxHeapSize                              = 4152360960                                {product} {ergonomic}
   size_t MaxNewSize                               = 2491416576                                {product} {ergonomic}
   size_t MinHeapDeltaBytes                        = 2097152                                   {product} {ergonomic}
   size_t MinHeapSize                              = 8388608                                   {product} {ergonomic}
    uintx NonNMethodCodeHeapSize                   = 7602480                                {pd product} {ergonomic}
    uintx NonProfiledCodeHeapSize                  = 122027880                              {pd product} {ergonomic}
    uintx ProfiledCodeHeapSize                     = 122027880                              {pd product} {ergonomic}
    uintx ReservedCodeCacheSize                    = 251658240                              {pd product} {ergonomic}
     bool SegmentedCodeCache                       = true                                      {product} {ergonomic}
   size_t SoftMaxHeapSize                          = 4152360960                             {manageable} {ergonomic}
     bool UseCompressedClassPointers               = true                           {product lp64_product} {ergonomic}
     bool UseCompressedOops                        = true                           {product lp64_product} {ergonomic}
     bool UseG1GC                                  = true                                      {product} {ergonomic}

Logging:
Log output configuration:
 #0: stdout all=warning uptime,level,tags
 #1: stderr all=off uptime,level,tags

Environment Variables:
JAVA_HOME=/home/hermelin/.sdkman/candidates/java/current
PATH=/home/hermelin/.sdkman/candidates/java/current/bin:/usr/local/sbin:/usr/local/bin:/usr/sbin:/usr/bin:/sbin:/bin:/usr/games:/usr/local/games:/usr/lib/wsl/lib:/mnt/c/Program Files/Common Files/Oracle/Java/javapath:/mnt/c/windows/system32:/mnt/c/windows:/mnt/c/windows/System32/Wbem:/mnt/c/windows/System32/WindowsPowerShell/v1.0/:/mnt/c/windows/System32/OpenSSH/:/mnt/c/Program Files (x86)/NVIDIA Corporation/PhysX/Common:/mnt/c/Program Files/NVIDIA Corporation/NVIDIA NvDLISR:/mnt/c/Users/Administrator/AppData/Local/Microsoft/WindowsApps:/mnt/c/Program Files/HP/OMEN-Broadcast/Common:/mnt/c/Program Files/dotnet/:/mnt/c/Program Files (x86)/Microsoft SQL Server/160/Tools/Binn/:/mnt/c/Program Files/Microsoft SQL Server/160/Tools/Binn/:/mnt/c/Program Files/Microsoft SQL Server/Client SDK/ODBC/170/Tools/Binn/:/mnt/c/Program Files/Microsoft SQL Server/160/DTS/Binn/:/mnt/c/Program Files (x86)/Microsoft SQL Server/160/DTS/Binn/:/mnt/c/Program Files/Git/cmd:/mnt/c/Users/herme/AppData/Local/Programs/Python/Python312:/mnt/c/Users/herme/OneDrive/Bureau:/mnt/c/Users/herme/AppData/Roaming/nvm:/mnt/c/Program Files/nodejs:/mnt/c/WINDOWS/system32:/mnt/c/WINDOWS:/mnt/c/WINDOWS/System32/Wbem:/mnt/c/WINDOWS/System32/WindowsPowerShell/v1.0/:/mnt/c/WINDOWS/System32/OpenSSH/:/mnt/c/Program Files/PuTTY/:/mnt/c/Program Files/Docker/Docker/resources/bin:/mnt/c/Users/herme/AppData/Local/Programs/Python/Launcher/:/mnt/c/Users/herme/AppData/Local/Microsoft/WindowsApps:/mnt/c/Users/herme/AppData/Local/GitHubDesktop/bin:/mnt/c/Program Files/PostgreSQL/16/bin:/mnt/c/Users/herme/AppData/Local/Programs/Microsoft VS Code/bin:/mnt/c/Users/herme/AppData/Local/Programs/Python/Python312:/mnt/c/Users/herme/AppData/Local/Programs/Python/Python312/Scripts:/mnt/c/Users/herme/AppData/Roaming/nvm:/mnt/c/Program Files/nodejs:/snap/bin
SHELL=/bin/bash
DISPLAY=:0
HOSTTYPE=x86_64
LANG=C.UTF-8
TERM=xterm-256color

Active Locale:
LC_ALL=C.UTF-8
LC_COLLATE=C.UTF-8
LC_CTYPE=C.UTF-8
LC_MESSAGES=C.UTF-8
LC_MONETARY=C.UTF-8
LC_NUMERIC=C.UTF-8
LC_TIME=C.UTF-8

Signal Handlers:
   SIGSEGV: crash_handler in libjvm.so, mask=11100100010111111101111111111110, flags=SA_RESTART|SA_SIGINFO, unblocked
    SIGBUS: crash_handler in libjvm.so, mask=11100100010111111101111111111110, flags=SA_RESTART|SA_SIGINFO, unblocked
    SIGFPE: crash_handler in libjvm.so, mask=11100100010111111101111111111110, flags=SA_RESTART|SA_SIGINFO, unblocked
   SIGPIPE: javaSignalHandler in libjvm.so, mask=11100100010111111101111111111110, flags=SA_RESTART|SA_SIGINFO, blocked
   SIGXFSZ: javaSignalHandler in libjvm.so, mask=11100100010111111101111111111110, flags=SA_RESTART|SA_SIGINFO, blocked
    SIGILL: crash_handler in libjvm.so, mask=11100100010111111101111111111110, flags=SA_RESTART|SA_SIGINFO, unblocked
   SIGUSR2: SR_handler in libjvm.so, mask=00000000000000000000000000000000, flags=SA_RESTART|SA_SIGINFO, blocked
    SIGHUP: UserHandler in libjvm.so, mask=11100100010111111101111111111110, flags=SA_RESTART|SA_SIGINFO, blocked
    SIGINT: UserHandler in libjvm.so, mask=11100100010111111101111111111110, flags=SA_RESTART|SA_SIGINFO, blocked
   SIGTERM: UserHandler in libjvm.so, mask=11100100010111111101111111111110, flags=SA_RESTART|SA_SIGINFO, blocked
   SIGQUIT: UserHandler in libjvm.so, mask=11100100010111111101111111111110, flags=SA_RESTART|SA_SIGINFO, blocked
   SIGTRAP: crash_handler in libjvm.so, mask=11100100010111111101111111111110, flags=SA_RESTART|SA_SIGINFO, unblocked


---------------  S Y S T E M  ---------------

OS:
DISTRIB_ID=Ubuntu
DISTRIB_RELEASE=24.04
DISTRIB_CODENAME=noble
DISTRIB_DESCRIPTION="Ubuntu 24.04.1 LTS"
uname: Linux 5.15.167.4-microsoft-standard-WSL2 #1 SMP Tue Nov 5 00:21:55 UTC 2024 x86_64
OS uptime: 0 days 1:13 hours
libc: glibc 2.39 NPTL 2.39 
rlimit (soft/hard): STACK 8192k/infinity , CORE 0k/infinity , NPROC 63319/63319 , NOFILE 1048576/1048576 , AS infinity/infinity , CPU infinity/infinity , DATA infinity/infinity , FSIZE infinity/infinity , MEMLOCK 65536k/65536k
load average: 2.26 5.09 3.88

/proc/meminfo:
MemTotal:       16216740 kB
MemFree:        14706532 kB
MemAvailable:   15088568 kB
Buffers:            1156 kB
Cached:           606932 kB
SwapCached:            0 kB
Active:           145736 kB
Inactive:         901632 kB
Active(anon):       2184 kB
Inactive(anon):   443864 kB
Active(file):     143552 kB
Inactive(file):   457768 kB
Unevictable:           0 kB
Mlocked:               0 kB
SwapTotal:       4194304 kB
SwapFree:        4194304 kB
Dirty:                 0 kB
Writeback:           212 kB
AnonPages:        436292 kB
Mapped:           237112 kB
Shmem:              6788 kB
KReclaimable:      57352 kB
Slab:             144584 kB
SReclaimable:      57352 kB
SUnreclaim:        87232 kB
KernelStack:        7888 kB
PageTables:         4988 kB
NFS_Unstable:          0 kB
Bounce:                0 kB
WritebackTmp:          0 kB
CommitLimit:    12302672 kB
Committed_AS:    1558728 kB
VmallocTotal:   34359738367 kB
VmallocUsed:       30808 kB
VmallocChunk:          0 kB
Percpu:            13824 kB
AnonHugePages:    139264 kB
ShmemHugePages:        0 kB
ShmemPmdMapped:        0 kB
FileHugePages:         0 kB
FilePmdMapped:         0 kB
HugePages_Total:       0
HugePages_Free:        0
HugePages_Rsvd:        0
HugePages_Surp:        0
Hugepagesize:       2048 kB
Hugetlb:               0 kB
DirectMap4k:       97280 kB
DirectMap2M:     7079936 kB
DirectMap1G:    17825792 kB

/sys/kernel/mm/transparent_hugepage/enabled: [always] madvise never
/sys/kernel/mm/transparent_hugepage/defrag (defrag/compaction efforts parameter): always defer defer+madvise [madvise] never

Process Memory:
Virtual Size: 9247140K (peak: 9343908K)
Resident Set Size: 408704K (peak: 430276K) (anon: 296616K, file: 112088K, shmem: 0K)
Swapped out: 0K
C-Heap outstanding allocations: 115954K, retained: 73693K
glibc malloc tunables: (default)

/proc/sys/kernel/threads-max (system-wide limit on the number of threads): 126638
/proc/sys/vm/max_map_count (maximum number of memory map areas a process may have): 1048576
/proc/sys/kernel/pid_max (system-wide limit on number of process identifiers): 4194304

container (cgroup) information:
container_type: cgroupv1
cpu_cpuset_cpus: 0-27
cpu_memory_nodes: 0
active_processor_count: 28
cpu_quota: no quota
cpu_period: 100000
cpu_shares: no shares
memory_limit_in_bytes: unlimited
memory_and_swap_limit_in_bytes: unlimited
memory_soft_limit_in_bytes: unlimited
memory_usage_in_bytes: 763448 k
memory_max_usage_in_bytes: 1891424 k
kernel_memory_usage_in_bytes: 9576 k
kernel_memory_max_usage_in_bytes: unlimited
kernel_memory_limit_in_bytes: 15800 k
maximum number of tasks: 4915
current number of tasks: 88

Hyper-V virtualization detected
Steal ticks since vm start: 0
Steal ticks percentage since vm start:  0.000

CPU: total 28 (initial active 28) (16 cores per cpu, 2 threads per core) family 6 model 183 stepping 1 microcode 0xffffffff, cx8, cmov, fxsr, ht, mmx, 3dnowpref, sse, sse2, sse3, ssse3, sse4.1, sse4.2, popcnt, lzcnt, tsc, tscinvbit, avx, avx2, aes, erms, clmul, bmi1, bmi2, adx, sha, fma, vzeroupper, clflush, clflushopt, clwb, hv
CPU Model and flags from /proc/cpuinfo:
model name	: Intel(R) Core(TM) i7-14700K
flags		: fpu vme de pse tsc msr pae mce cx8 apic sep mtrr pge mca cmov pat pse36 clflush mmx fxsr sse sse2 ss ht syscall nx pdpe1gb rdtscp lm constant_tsc rep_good nopl xtopology tsc_reliable nonstop_tsc cpuid pni pclmulqdq vmx ssse3 fma cx16 pcid sse4_1 sse4_2 x2apic movbe popcnt tsc_deadline_timer aes xsave avx f16c rdrand hypervisor lahf_lm abm 3dnowprefetch invpcid_single ssbd ibrs ibpb stibp ibrs_enhanced tpr_shadow vnmi ept vpid ept_ad fsgsbase tsc_adjust bmi1 avx2 smep bmi2 erms invpcid rdseed adx smap clflushopt clwb sha_ni xsaveopt xsavec xgetbv1 xsaves avx_vnni umip waitpkg gfni vaes vpclmulqdq rdpid movdiri movdir64b fsrm md_clear serialize flush_l1d arch_capabilities

Online cpus: 0-27
Offline cpus: 
BIOS frequency limitation: <Not Available>
Frequency switch latency (ns): <Not Available>
Available cpu frequencies: <Not Available>
Current governor: <Not Available>
Core performance/turbo boost: <Not Available>

Memory: 4k page, physical 16216740k(14706532k free), swap 4194304k(4194304k free)
Page Sizes: 4k

vm_info: OpenJDK 64-Bit Server VM (17.0.8+7) for linux-amd64 JRE (17.0.8+7), built on Jul 18 2023 00:00:00 by "admin" with gcc 10.3.0

END.
